GROUP,PACKAGE,CLASS,INSTRUCTION_MISSED,INSTRUCTION_COVERED,BRANCH_MISSED,BRANCH_COVERED,LINE_MISSED,LINE_COVERED,COMPLEXITY_MISSED,COMPLEXITY_COVERED,METHOD_MISSED,METHOD_COVERED
Jillion,org.jcvi.jillion.internal.core.util,GrowableShortArray,39,683,9,43,6,148,10,50,2,32
Jillion,org.jcvi.jillion.internal.core.util,GrowableBitArray,488,0,22,0,94,0,35,0,24,0
Jillion,org.jcvi.jillion.internal.core.util,Caches.LRUCache,0,26,0,2,0,6,0,4,0,3
Jillion,org.jcvi.jillion.internal.core.util,Caches.SoftReferenceLRUCache,0,15,0,0,0,3,0,2,0,2
Jillion,org.jcvi.jillion.internal.core.util,Caches.AbstractReferencedCache.new Map.Entry() {...},35,0,0,0,5,0,4,0,4,0
Jillion,org.jcvi.jillion.internal.core.util,ComparableComparator,0,11,0,0,0,3,0,3,0,3
Jillion,org.jcvi.jillion.internal.core.util,RunLength,17,73,0,12,5,20,1,11,1,5
Jillion,org.jcvi.jillion.internal.core.util,FIFOQueue,4,7,0,0,1,2,1,2,1,2
Jillion,org.jcvi.jillion.internal.core.util,Caches.SoftReferenceCache,0,12,0,0,0,3,0,2,0,2
Jillion,org.jcvi.jillion.internal.core.util,AbstractFOQueue,52,54,1,3,11,15,12,9,11,8
Jillion,org.jcvi.jillion.internal.core.util,Sneak,14,2,2,0,5,1,3,1,2,1
Jillion,org.jcvi.jillion.internal.core.util,Caches.WeakReferenceLRUCache,0,15,0,0,0,3,0,2,0,2
Jillion,org.jcvi.jillion.internal.core.util,Validator,15,7,2,2,3,3,3,1,1,1
Jillion,org.jcvi.jillion.internal.core.util,GrowableIntArray,38,706,6,48,3,157,6,58,0,37
Jillion,org.jcvi.jillion.internal.core.util,ArrayUtil.IntArrayList,27,104,9,17,9,25,10,11,1,7
Jillion,org.jcvi.jillion.internal.core.util,GrowableLongArray,63,668,11,41,8,147,13,48,3,32
Jillion,org.jcvi.jillion.internal.core.util,GrowableByteArray,44,744,10,50,7,162,11,56,2,35
Jillion,org.jcvi.jillion.internal.core.util,ValidationException,9,0,0,0,4,0,2,0,2,0
Jillion,org.jcvi.jillion.internal.core.util,Caches.WeakReferenceCache,12,0,0,0,3,0,2,0,2,0
Jillion,org.jcvi.jillion.internal.core.util,Caches.AbstractReferencedCache,79,128,8,4,19,36,7,12,3,10
Jillion,org.jcvi.jillion.internal.core.util,JillionUtil,15,38,4,12,7,15,4,9,2,3
Jillion,org.jcvi.jillion.internal.core.util,BoundedPriorityQueue,0,80,0,6,0,20,0,11,0,8
Jillion,org.jcvi.jillion.internal.core.util,ArrayUtil,3,6,0,0,2,1,1,1,1,1
Jillion,org.jcvi.jillion.internal.core.util,GrowableCharArray,56,675,11,41,7,148,12,49,2,33
Jillion,org.jcvi.jillion.internal.core.util,Caches,28,28,0,0,9,6,8,6,8,6
Jillion,org.jcvi.jillion.internal.core.util,LIFOQueue,4,8,0,0,1,3,1,2,1,2
Jillion,org.jcvi.jillion.fasta.qual,AbstractQualityFastaRecordVisitor,0,20,0,0,0,7,0,2,0,2
Jillion,org.jcvi.jillion.fasta.qual,QualityFastaFileDataStoreBuilder,24,62,2,6,6,18,4,10,2,7
Jillion,org.jcvi.jillion.fasta.qual,QualityFastaWriterBuilder.TmpDirSortedPositionFastaWriter,11,17,0,0,3,5,1,3,1,3
Jillion,org.jcvi.jillion.fasta.qual,QualityFastaDataStore,6,0,0,0,1,0,1,0,1,0
Jillion,org.jcvi.jillion.fasta.qual,QualityFastaWriterBuilder,0,35,0,0,0,9,0,7,0,7
Jillion,org.jcvi.jillion.fasta.qual,QualityFastaFileDataStoreBuilder.new Object() {...},3,23,0,0,0,1,0,1,0,1
Jillion,org.jcvi.jillion.fasta.qual,UncommentedQualityFastaRecord,32,78,2,12,5,27,3,11,1,6
Jillion,org.jcvi.jillion.fasta.qual,QualityFastaWriterBuilder.QualitySequenceFastaRecordWriterImpl,0,22,0,0,0,5,0,4,0,4
Jillion,org.jcvi.jillion.fasta.qual,CommentedQualityFastaRecord,0,18,0,0,0,6,0,4,0,4
Jillion,org.jcvi.jillion.fasta.qual,QualityFastaWriterBuilder.InMemorySortedPositionFastaWriter,11,5,0,0,3,2,1,1,1,1
Jillion,org.jcvi.jillion.fasta.qual,QualityFastaRecordBuilder,9,55,0,4,1,14,1,8,1,6
Jillion,org.jcvi.jillion.fasta.qual,DefaultQualityFastaFileDataStore,16,27,0,0,5,6,3,4,3,4
Jillion,org.jcvi.jillion.trace.fastq,SplitFastqWriter.RolloverSplitFastqWriter,28,89,3,9,7,28,5,8,2,5
Jillion,org.jcvi.jillion.trace.fastq,FastqFileDataStoreBuilder,76,161,8,16,13,42,10,15,2,10
Jillion,org.jcvi.jillion.trace.fastq,IndexedFastqFileDataStore.MementoedFastqDataStoreBuilderVisitor,12,69,1,5,1,16,1,5,0,3
Jillion,org.jcvi.jillion.trace.fastq,FastqFileParser.ShortWidthOffsetMemento,0,13,0,0,0,4,0,2,0,2
Jillion,org.jcvi.jillion.trace.fastq,LargeFastqFileDataStore.LargeFastqFileIterator,6,18,0,0,2,5,0,2,0,2
Jillion,org.jcvi.jillion.trace.fastq,TmpDirSortedFastqWriter,88,227,11,17,3,60,7,14,0,7
Jillion,org.jcvi.jillion.trace.fastq,LargeFastqFileDataStore.new AbstractFastqVisitor() {...},0,29,0,2,0,4,0,3,0,2
Jillion,org.jcvi.jillion.trace.fastq,LargeFastqFileDataStore.new StreamingIterator() {...},35,0,0,0,8,0,5,0,5,0
Jillion,org.jcvi.jillion.trace.fastq,FastqFileParser.ParserState,0,46,0,2,0,14,0,8,0,7
Jillion,org.jcvi.jillion.trace.fastq,DefaultFastqFileDataStore.DefaultFastqFileDataStoreBuilderVisitor2.new AbstractFastqRecordVisitor() {...},0,28,0,4,0,4,0,4,0,2
Jillion,org.jcvi.jillion.trace.fastq,CommentedFastqRecord,30,16,0,0,4,5,2,3,2,3
Jillion,org.jcvi.jillion.trace.fastq,LargeFastqFileDataStore.NoLambdaFastqIdIterator.new FastqVisitor() {...},4,31,2,4,2,9,2,5,0,4
Jillion,org.jcvi.jillion.trace.fastq,IlluminaUtil,68,162,8,28,22,41,9,24,5,10
Jillion,org.jcvi.jillion.trace.fastq,SplitFastqWriter,3,20,0,0,2,3,1,3,1,3
Jillion,org.jcvi.jillion.trace.fastq,FastqFileReader,138,252,28,18,2,69,21,16,1,13
Jillion,org.jcvi.jillion.trace.fastq,FastqFileParser.NoMementoCallback,7,4,0,0,2,2,2,1,2,1
Jillion,org.jcvi.jillion.trace.fastq,IndexedFastqFileDataStore,3,14,0,0,1,3,1,1,1,1
Jillion,org.jcvi.jillion.trace.fastq,FastqRecordBuilder,0,16,0,0,0,2,0,2,0,2
Jillion,org.jcvi.jillion.trace.fastq,FastqRecordBuilderImpl,98,105,1,11,24,26,10,9,9,4
Jillion,org.jcvi.jillion.trace.fastq,UncommentedFastqRecord,79,60,9,9,18,20,11,6,2,6
Jillion,org.jcvi.jillion.trace.fastq,FastqWriter,667,339,122,32,29,60,81,15,4,15
Jillion,org.jcvi.jillion.trace.fastq,LargeFastqFileDataStore.NoLambdaFastqIdIterator,6,18,0,0,2,5,0,2,0,2
Jillion,org.jcvi.jillion.trace.fastq,FastqUtil.FastqQualityCodecDetectorRecordVisitor,45,156,7,31,9,39,9,17,2,5
Jillion,org.jcvi.jillion.trace.fastq,FastqFileParser.MementoCallback,0,11,0,0,0,4,0,3,0,3
Jillion,org.jcvi.jillion.trace.fastq,FastqFileParser,68,356,8,42,13,85,8,28,0,11
Jillion,org.jcvi.jillion.trace.fastq,FastqWriterBuilder,67,182,8,14,11,50,11,14,3,11
Jillion,org.jcvi.jillion.trace.fastq,FastqUtil.MixedFastqEncodings,24,0,0,0,2,0,1,0,1,0
Jillion,org.jcvi.jillion.trace.fastq,FastqQualityCodec,11,120,0,4,1,22,3,10,3,8
Jillion,org.jcvi.jillion.trace.fastq,AbstractFastqVisitor,2,5,0,0,1,3,1,3,1,3
Jillion,org.jcvi.jillion.trace.fastq,FastqFileDataStoreBuilder.new Object() {...},3,23,0,0,0,1,0,1,0,1
Jillion,org.jcvi.jillion.trace.fastq,SolexaUtil,3,143,0,20,1,31,1,15,1,5
Jillion,org.jcvi.jillion.trace.fastq,IndexedFastqFileDataStore.IndexedFastqFileDataStoreImpl.new StreamingIterator() {...},35,0,0,0,8,0,5,0,5,0
Jillion,org.jcvi.jillion.trace.fastq,IndexedFastqFileDataStore.IndexedFastqFileDataStoreImpl.SingleFastqRecordVistior,0,24,0,0,0,5,0,4,0,4
Jillion,org.jcvi.jillion.trace.fastq,FastqUtil,30,110,3,19,7,34,4,14,1,6
Jillion,org.jcvi.jillion.trace.fastq,FastqRecord,5,8,0,0,1,2,1,2,1,2
Jillion,org.jcvi.jillion.trace.fastq,FastqFileDataStore,22,22,0,0,7,4,2,3,2,3
Jillion,org.jcvi.jillion.trace.fastq,DefaultFastqFileDataStore.DefaultFastqFileDataStoreBuilderVisitor2,11,54,2,4,3,14,3,5,1,4
Jillion,org.jcvi.jillion.trace.fastq,FastqFileParser.AbstractFastqVisitorCallback,0,13,0,0,0,6,0,3,0,3
Jillion,org.jcvi.jillion.trace.fastq,IndexedFastqFileDataStore.IndexedFastqFileDataStoreImpl.SingleFastqRecordVistior.new AbstractFastqRecordVisitor() {...},0,20,0,0,0,4,0,2,0,2
Jillion,org.jcvi.jillion.trace.fastq,AbstractFastqRecordVisitor,0,96,0,4,0,26,0,9,0,7
Jillion,org.jcvi.jillion.trace.fastq,LargeFastqFileDataStore,120,194,25,23,10,54,21,17,2,12
Jillion,org.jcvi.jillion.trace.fastq,FastqWriterBuilder.FastqRecordWriterImpl,2,458,1,43,1,97,1,32,0,11
Jillion,org.jcvi.jillion.trace.fastq,FastqWriterAdapter,0,30,0,2,0,10,0,4,0,3
Jillion,org.jcvi.jillion.trace.fastq,FastqFileParser.OffsetMemento,48,34,8,6,11,8,8,4,3,2
Jillion,org.jcvi.jillion.trace.fastq,FastqWriter.1.new FastqRecordVisitor() {...},11,36,0,0,5,8,2,4,2,4
Jillion,org.jcvi.jillion.trace.fastq,FastqFileParser.LongWidthOffsetMemento,9,0,0,0,4,0,2,0,2,0
Jillion,org.jcvi.jillion.trace.fastq,DefaultFastqFileDataStore,3,18,0,0,2,4,1,1,1,1
Jillion,org.jcvi.jillion.trace.fastq,FastqFileParser.ByteWidthOffsetMemento,0,13,0,0,0,4,0,2,0,2
Jillion,org.jcvi.jillion.trace.fastq,FastqFileParser.InputStreamFastqFileParser,26,49,3,3,7,13,7,4,4,4
Jillion,org.jcvi.jillion.trace.fastq,InMemorySortedFastqWriter,10,82,1,5,1,25,1,8,0,6
Jillion,org.jcvi.jillion.trace.fastq,FastqFileDataStoreImpl,8,52,0,0,2,16,2,9,2,9
Jillion,org.jcvi.jillion.trace.fastq,FastqFileParserBuilder,24,50,1,1,7,16,2,6,1,6
Jillion,org.jcvi.jillion.trace.fastq,IndexedFastqFileDataStore.IndexedFastqFileDataStoreImpl,34,116,1,3,10,34,4,11,3,10
Jillion,org.jcvi.jillion.trace.fastq,LargeFastqFileDataStore.LambdaFilteredFastqIdIterator,20,0,0,0,7,0,4,0,4,0
Jillion,org.jcvi.jillion.trace.fastq,IndexedFastqFileDataStore.MementoedFastqDataStoreBuilderVisitor.new AbstractFastqRecordVisitor() {...},0,31,0,2,0,4,0,3,0,2
Jillion,org.jcvi.jillion.trace.fastq,FastqFileParser.Defline,20,39,2,2,2,11,2,4,0,4
Jillion,org.jcvi.jillion.trace.fastq,LargeFastqFileDataStore.LargeFastqFileIterator.1.new AbstractFastqRecordVisitor() {...},0,41,0,6,0,6,0,5,0,2
Jillion,org.jcvi.jillion.trace.fastq,FastqFileReader.Results,5,18,0,0,2,7,1,4,1,4
Jillion,org.jcvi.jillion.trace.fastq,LargeFastqFileDataStore.LargeFastqFileIterator.new FastqVisitor() {...},4,34,1,3,2,7,1,5,0,4
Jillion,org.jcvi.jillion.trace.fastq,FastqQualityCodec.new FastqQualityCodec() {...},41,7,2,0,8,1,4,1,3,1
Jillion,org.jcvi.jillion.trace.fastq,SplitFastqWriter.DeconvolutionFastqWriter,21,94,1,7,7,29,2,9,1,6
Jillion,org.jcvi.jillion.trace.fastq,FastqWriter.new AbstractFastqVisitor() {...},7,45,1,3,1,9,1,3,0,2
Jillion,org.jcvi.jillion.trace.fastq,FastqFileParser.IntWidthOffsetMemento,4,7,0,0,1,3,1,1,1,1
Jillion,org.jcvi.jillion.trace.fastq,SplitFastqWriter.RoundRobinSplitFastqWriter,20,98,2,8,5,25,4,8,2,5
Jillion,org.jcvi.jillion.trace.fastq,FastqFileParser.FileBasedFastqFileParser,60,112,13,11,3,24,11,9,0,8
Jillion,org.jcvi.jillion.trace.fastq,FastqUtil.FastqQualityCodecDetectorVisitor,5,34,1,1,3,10,2,4,1,4
Jillion,org.jcvi.jillion.trace.fastq,LargeFastqFileDataStore.1.new AbstractFastqRecordVisitor() {...},3,35,0,4,1,6,0,4,0,2
Jillion,org.jcvi.jillion.trace.sff,SffFileParser.FileBasesSffParser,58,109,7,9,8,28,8,6,1,5
Jillion,org.jcvi.jillion.trace.sff,SffFileParser.InputStreamBasedSffParser.new SffVisitorCallback() {...},20,0,0,0,5,0,4,0,4,0
Jillion,org.jcvi.jillion.trace.sff,LargeSffFileDataStore.SffFileIdIterator.new SffVisitor() {...},0,23,1,1,0,7,1,4,0,4
Jillion,org.jcvi.jillion.trace.sff,SffFileParser.FileBasesSffParser.new SffVisitorCallback() {...},6,13,0,0,2,3,2,2,2,2
Jillion,org.jcvi.jillion.trace.sff,SffFileParser.FileBasesSffParser.new SffVisitorCallback() {...},2,25,0,0,1,4,1,3,1,3
Jillion,org.jcvi.jillion.trace.sff,CompletelyParsedIndexedSffFileDataStore.SingleRecordVisitor.new SffFileReadVisitor() {...},0,25,0,0,0,5,0,3,0,3
Jillion,org.jcvi.jillion.trace.sff,SffFileParser.AbstractSffFileMemento,0,9,0,0,0,4,0,2,0,2
Jillion,org.jcvi.jillion.trace.sff,DefaultSffReadDataDecoder,92,74,0,0,18,15,3,3,3,3
Jillion,org.jcvi.jillion.trace.sff,SffFileParser.ReadRecordSffFileMemento,0,7,0,0,0,3,0,1,0,1
Jillion,org.jcvi.jillion.trace.sff,SffFileParser.BeginningSffFileMomento,4,0,0,0,2,0,1,0,1,0
Jillion,org.jcvi.jillion.trace.sff,DefaultSFFCommonHeaderDecoder,151,199,6,6,36,48,9,11,6,8
Jillion,org.jcvi.jillion.trace.sff,DefaultSffReadHeaderDecoder,101,165,3,9,23,38,6,9,4,5
Jillion,org.jcvi.jillion.trace.sff,Sff454NameUtil,83,183,10,10,10,40,13,9,3,9
Jillion,org.jcvi.jillion.trace.sff,SffFileDataStoreBuilder.new Object() {...},3,23,0,0,0,1,0,1,0,1
Jillion,org.jcvi.jillion.trace.sff,LargeSffFileDataStore,57,154,5,9,13,45,9,12,4,10
Jillion,org.jcvi.jillion.trace.sff,SffWriterUtil,53,249,0,4,13,52,4,6,4,4
Jillion,org.jcvi.jillion.trace.sff,SffFileParser.InputStreamBasedSffParser,47,0,2,0,12,0,8,0,7,0
Jillion,org.jcvi.jillion.trace.sff,DefaultSffFileDataStore.Visitor,2,32,1,1,1,8,1,4,0,4
Jillion,org.jcvi.jillion.trace.sff,CompletelyParsedIndexedSffFileDataStore.SingleRecordVisitor,2,13,0,0,2,3,2,3,2,3
Jillion,org.jcvi.jillion.trace.sff,CompletelyParsedIndexedSffFileDataStore.DataStoreImpl.new StreamingIterator() {...},39,0,0,0,8,0,5,0,5,0
Jillion,org.jcvi.jillion.trace.sff,CompletelyParsedIndexedSffFileDataStore.DataStoreImpl,45,91,4,4,13,30,8,8,4,8
Jillion,org.jcvi.jillion.trace.sff,SffFileIterator,6,35,0,0,2,12,0,4,0,4
Jillion,org.jcvi.jillion.trace.sff,SffWriterBuilder,25,49,5,5,5,15,5,4,0,4
Jillion,org.jcvi.jillion.trace.sff,SffFileParser.ParserState,0,50,0,0,0,14,0,6,0,6
Jillion,org.jcvi.jillion.trace.sff,LargeSffFileDataStore.SingleFlowgramVisitor.new SffFileReadVisitor() {...},0,25,0,0,0,5,0,3,0,3
Jillion,org.jcvi.jillion.trace.sff,SffFileIterator.new SffVisitor() {...},2,21,1,1,1,5,1,4,0,4
Jillion,org.jcvi.jillion.trace.sff,DefaultSffReadData,1,215,4,16,0,45,4,17,0,11
Jillion,org.jcvi.jillion.trace.sff,Sff454NameUtil.Base36Encoder,9,139,0,10,0,20,2,10,2,5
Jillion,org.jcvi.jillion.trace.sff,CompletelyParsedIndexedSffFileDataStore,3,21,0,0,2,5,1,2,1,2
Jillion,org.jcvi.jillion.trace.sff,ManifestIndexed454SffFileDataStore.ManifestCreatorVisitor,65,204,5,15,11,54,7,11,2,6
Jillion,org.jcvi.jillion.trace.sff,SffUtil,90,229,8,6,23,35,8,11,4,8
Jillion,org.jcvi.jillion.trace.sff,SffDataStoreBuilder.DefaultSffFileDataStore,8,45,0,0,2,14,2,9,2,9
Jillion,org.jcvi.jillion.trace.sff,DefaultSffCommonHeader.Builder,42,76,1,3,14,18,5,7,4,6
Jillion,org.jcvi.jillion.trace.sff,SffFlowgramImpl,19,316,6,26,3,78,7,26,1,16
Jillion,org.jcvi.jillion.trace.sff,DefaultSffReadHeader,0,122,0,18,0,28,0,16,0,7
Jillion,org.jcvi.jillion.trace.sff,CompletelyParsedIndexedSffFileDataStore.Visitor,0,53,1,1,0,12,1,5,0,5
Jillion,org.jcvi.jillion.trace.sff,DefaultSffCommonHeader,39,180,1,23,1,38,2,20,1,9
Jillion,org.jcvi.jillion.trace.sff,SffUtil.Linkers,9,51,0,0,0,10,2,4,2,4
Jillion,org.jcvi.jillion.trace.sff,LargeSffFileDataStore.new StreamingIterator() {...},39,0,0,0,8,0,5,0,5,0
Jillion,org.jcvi.jillion.trace.sff,LargeSffFileDataStore.SffFileIdIterator,6,31,0,0,2,11,0,3,0,3
Jillion,org.jcvi.jillion.trace.sff,SffDecoderException,0,9,0,0,0,4,0,2,0,2
Jillion,org.jcvi.jillion.trace.sff,ManifestIndexed454SffFileDataStore,65,192,3,5,14,50,4,15,1,14
Jillion,org.jcvi.jillion.trace.sff,DefaultSffFileDataStore,3,19,0,0,2,5,1,2,1,2
Jillion,org.jcvi.jillion.trace.sff,Sff454NameUtil.RigRun,12,93,1,3,1,21,1,7,0,6
Jillion,org.jcvi.jillion.trace.sff,Sff454NameUtil.DateEncoder,9,179,0,0,0,41,2,4,2,4
Jillion,org.jcvi.jillion.trace.sff,SffDataStoreBuilder,38,40,6,2,11,11,5,3,1,3
Jillion,org.jcvi.jillion.trace.sff,DefaultSffFileDataStore.Visitor.new SffFileReadVisitor() {...},0,20,0,0,0,4,0,3,0,3
Jillion,org.jcvi.jillion.trace.sff,LargeSffFileDataStore.HeaderVisitor,3,12,0,0,2,5,2,3,2,3
Jillion,org.jcvi.jillion.trace.sff,SffFileParser,5,167,0,8,1,39,1,9,1,5
Jillion,org.jcvi.jillion.trace.sff,LargeSffFileDataStore.SingleFlowgramVisitor,0,29,0,2,0,10,0,6,0,5
Jillion,org.jcvi.jillion.trace.sff,Sff454NameUtil.Location,107,79,12,8,26,21,14,5,4,5
Jillion,org.jcvi.jillion.trace.sff,SffWriterBuilder.SffWriterImpl,11,252,3,11,2,57,3,11,0,7
Jillion,org.jcvi.jillion.trace.sff,SffFileDataStoreBuilder,51,58,8,8,10,18,8,6,1,4
Jillion,org.jcvi.jillion.trace.sff,SffFileIterator.1.new SffFileReadVisitor() {...},0,19,0,0,0,4,0,3,0,3
Jillion,org.jcvi.jillion.trace.sff,DefaultSffReadHeader.Builder,36,0,0,0,9,0,3,0,3,0
Jillion,org.jcvi.jillion.core.residue,ResidueSequence,42,72,5,17,10,19,5,11,2,3
Jillion,org.jcvi.jillion.core.residue,Frame,71,252,15,19,13,46,13,20,3,12
Jillion,org.jcvi.jillion.core.residue,Frame.new Frame() {...},2,7,0,0,1,1,1,1,1,1
Jillion,org.jcvi.jillion.core.residue,Frame.new Frame() {...},2,7,0,0,1,1,1,1,1,1
Jillion,org.jcvi.jillion.core.residue,Frame.new Iterator() {...},4,38,1,3,1,8,1,4,0,3
Jillion,org.jcvi.jillion.core.residue,Frame.new Frame() {...},2,7,0,0,1,1,1,1,1,1
Jillion,org.jcvi.jillion.core.residue,Frame.new Object() {...},4,29,0,0,0,1,0,1,0,1
Jillion,org.jcvi.jillion.core.residue,KmerSpliterator,5,130,2,12,1,24,2,9,0,4
Jillion,org.jcvi.jillion.core.residue,Kmer,77,40,8,6,14,12,11,2,4,2
Jillion,org.jcvi.jillion.internal.align,AbstractSequenceAlignmentBuilder.AbstractSequenceAlignmentImpl,89,222,23,23,16,56,20,15,1,11
Jillion,org.jcvi.jillion.internal.align,AbstractSequenceAlignmentBuilder,20,294,1,15,2,63,1,20,0,13
Jillion,org.jcvi.jillion.internal.align,NucleotideSequenceAlignmentBuilder,3,61,0,0,1,17,1,10,1,10
Jillion,org.jcvi.jillion.internal.align,ProteinSequenceAlignmentBuilder,4,73,0,0,2,20,1,12,1,12
Jillion,org.jcvi.jillion.internal.align,NucleotideSequenceAlignmentBuilder.NucleotideSequenceAlignmentImpl,0,15,0,0,0,3,0,1,0,1
Jillion,org.jcvi.jillion.internal.align,ProteinSequenceAlignmentBuilder.AminoAcidSequenceAlignmentImpl,0,15,0,0,0,3,0,1,0,1
Jillion,org.jcvi.jillion.sam.cigar,Cigar.new Object() {...},12,81,0,0,0,2,0,1,0,1
Jillion,org.jcvi.jillion.sam.cigar,Cigar.ClipType,5,43,0,0,0,4,1,3,1,3
Jillion,org.jcvi.jillion.sam.cigar,Cigar,329,573,61,72,89,143,59,64,5,20
Jillion,org.jcvi.jillion.sam.cigar,Cigar.Builder,10,187,2,26,2,36,2,20,0,8
Jillion,org.jcvi.jillion.sam.cigar,Cigar.PrimitiveCharIterator,5,38,1,3,1,9,1,5,0,4
Jillion,org.jcvi.jillion.sam.cigar,CigarElement,10,74,2,12,2,25,2,10,0,5
Jillion,org.jcvi.jillion.sam.cigar,CigarOperation,5,188,2,6,0,31,3,10,1,8
Jillion,org.jcvi.jillion.internal.core.datastore,AbstractMapBackedDataStore,39,36,0,0,10,9,5,6,5,6
Jillion,org.jcvi.jillion.internal.core.datastore,DataStoreStreamingIterator,4,52,0,4,2,15,1,8,1,6
Jillion,org.jcvi.jillion.internal.core.datastore,DataStoreIterator,0,52,0,0,0,16,0,5,0,5
Jillion,org.jcvi.jillion.internal.core.datastore,AbstractDataStore,15,55,3,5,4,21,4,10,1,9
Jillion,org.jcvi.jillion.internal.fasta.nt,AdaptedNucleotideFastaDataStore,4,10,0,0,1,4,1,2,1,2
Jillion,org.jcvi.jillion.assembly.tigr.tasm,TasmFileWriterBuilder,17,52,2,4,4,16,2,5,0,4
Jillion,org.jcvi.jillion.assembly.tigr.tasm,TasmFileParser.ContigState,36,160,9,18,12,46,9,17,0,7
Jillion,org.jcvi.jillion.assembly.tigr.tasm,TasmFileParser.FileBasedTasmFileParser,57,90,4,4,5,23,5,4,1,4
Jillion,org.jcvi.jillion.assembly.tigr.tasm,TasmFileParser,5,92,0,12,1,30,1,12,1,6
Jillion,org.jcvi.jillion.assembly.tigr.tasm,LargeTasmContigFileDataStore.GetVisitor,1,30,0,2,1,8,1,5,1,4
Jillion,org.jcvi.jillion.assembly.tigr.tasm,TasmContigFileContigIterator,7,35,0,0,2,12,0,3,0,3
Jillion,org.jcvi.jillion.assembly.tigr.tasm,TasmUtil.new ThreadLocal() {...},7,13,0,0,4,3,2,3,2,3
Jillion,org.jcvi.jillion.assembly.tigr.tasm,LargeTasmContigFileDataStore.GetVisitor.new AbstractTasmContigBuilderVisitor() {...},0,21,0,0,0,4,0,2,0,2
Jillion,org.jcvi.jillion.assembly.tigr.tasm,TasmContigAttribute,17,285,1,3,1,32,2,6,1,5
Jillion,org.jcvi.jillion.assembly.tigr.tasm,AbstractTasmContigBuilderVisitor.new TasmContigReadVisitor() {...},28,55,1,1,3,10,1,3,0,3
Jillion,org.jcvi.jillion.assembly.tigr.tasm,DefaultTasmFileContigDataStore,3,16,0,0,2,3,1,1,1,1
Jillion,org.jcvi.jillion.assembly.tigr.tasm,TasmFileParser.OffsetMementoCallback,0,15,0,0,0,5,0,3,0,3
Jillion,org.jcvi.jillion.assembly.tigr.tasm,IndexedTasmFileDataStore,44,84,2,2,11,23,5,8,3,8
Jillion,org.jcvi.jillion.assembly.tigr.tasm,IndexedTasmFileDataStore.IndexVisitor,6,29,2,2,2,9,3,3,1,3
Jillion,org.jcvi.jillion.assembly.tigr.tasm,TasmUtil,3,31,0,4,2,7,1,5,1,3
Jillion,org.jcvi.jillion.assembly.tigr.tasm,TasmContigFileContigIterator.1.new AbstractTasmContigBuilderVisitor() {...},0,15,0,0,0,3,0,2,0,2
Jillion,org.jcvi.jillion.assembly.tigr.tasm,IndexedTasmFileDataStore.new StreamingIterator() {...},35,0,0,0,8,0,5,0,5,0
Jillion,org.jcvi.jillion.assembly.tigr.tasm,TasmFileParser.OffsetMemento,0,9,0,0,0,4,0,2,0,2
Jillion,org.jcvi.jillion.assembly.tigr.tasm,DefaultTasmAssembledRead.Builder,155,84,14,0,45,21,27,12,20,12
Jillion,org.jcvi.jillion.assembly.tigr.tasm,TasmContigBuilder.DefaultTasmContig,460,165,109,9,96,38,59,21,4,17
Jillion,org.jcvi.jillion.assembly.tigr.tasm,TasmAssembledReadAdapter,58,41,8,2,19,12,10,9,6,8
Jillion,org.jcvi.jillion.assembly.tigr.tasm,LargeTasmContigFileDataStore.new StreamingIterator() {...},42,0,0,0,8,0,5,0,5,0
Jillion,org.jcvi.jillion.assembly.tigr.tasm,TasmFileParser.ParserState,0,181,2,24,0,41,2,19,0,8
Jillion,org.jcvi.jillion.assembly.tigr.tasm,DefaultTasmFileContigDataStore.Visitor,3,29,1,1,2,8,2,3,1,3
Jillion,org.jcvi.jillion.assembly.tigr.tasm,LargeTasmContigFileDataStore.ContainsVisitor,26,0,2,0,11,0,6,0,5,0
Jillion,org.jcvi.jillion.assembly.tigr.tasm,TasmFileWriterBuilder.TasmFileWriter,0,61,0,4,0,19,0,6,0,4
Jillion,org.jcvi.jillion.assembly.tigr.tasm,LargeTasmContigFileDataStore.IdIterator.new TasmVisitor() {...},1,20,1,1,1,5,2,3,1,3
Jillion,org.jcvi.jillion.assembly.tigr.tasm,TasmFileParser.NoMementoCallback,11,0,0,0,3,0,3,0,3,0
Jillion,org.jcvi.jillion.assembly.tigr.tasm,TasmFileParser.AbstractCallback,0,13,0,0,0,5,0,3,0,3
Jillion,org.jcvi.jillion.assembly.tigr.tasm,TasmFileParser.ReadState,0,40,0,6,0,14,0,7,0,2
Jillion,org.jcvi.jillion.assembly.tigr.tasm,LargeTasmContigFileDataStore.SizeVisitor,1,27,1,1,1,7,2,4,1,4
Jillion,org.jcvi.jillion.assembly.tigr.tasm,TasmContigBuilder,144,197,14,16,38,55,16,17,5,13
Jillion,org.jcvi.jillion.assembly.tigr.tasm,TasmReadAttribute,17,164,1,3,1,21,2,6,1,5
Jillion,org.jcvi.jillion.assembly.tigr.tasm,DefaultTasmAssembledRead,72,44,14,0,22,11,13,9,6,9
Jillion,org.jcvi.jillion.assembly.tigr.tasm,LargeTasmContigFileDataStore,61,94,5,3,17,27,7,7,3,7
Jillion,org.jcvi.jillion.assembly.tigr.tasm,DefaultTasmFileContigDataStore.Visitor.new AbstractTasmContigBuilderVisitor() {...},0,21,0,0,0,3,0,2,0,2
Jillion,org.jcvi.jillion.assembly.tigr.tasm,TasmFileParser.new Object() {...},17,111,0,0,0,2,0,1,0,1
Jillion,org.jcvi.jillion.assembly.tigr.tasm,TasmContigFileDataStoreBuilder.new Object() {...},3,23,0,0,0,1,0,1,0,1
Jillion,org.jcvi.jillion.assembly.tigr.tasm,TasmFileParser.InputStreamBasedTasmFileParser,74,0,2,0,13,0,6,0,5,0
Jillion,org.jcvi.jillion.assembly.tigr.tasm,AbstractTasmContigBuilderVisitor,11,81,2,2,2,23,2,9,0,9
Jillion,org.jcvi.jillion.assembly.tigr.tasm,LargeTasmContigFileDataStore.IdIterator,7,19,0,0,2,5,0,2,0,2
Jillion,org.jcvi.jillion.assembly.tigr.tasm,IndexedTasmFileDataStore.SingleContigVisitor,1,17,0,0,1,3,1,3,1,3
Jillion,org.jcvi.jillion.assembly.tigr.tasm,TasmFileWriterUtil,10,475,4,26,2,99,5,23,1,12
Jillion,org.jcvi.jillion.assembly.tigr.tasm,TasmContigFileDataStoreBuilder,106,77,16,8,24,19,15,7,4,5
Jillion,org.jcvi.jillion.assembly.tigr.tasm,IndexedTasmFileDataStore.SingleContigVisitor.new AbstractTasmContigBuilderVisitor() {...},0,21,0,0,0,4,0,2,0,2
Jillion,org.jcvi.jillion.assembly.tigr.tasm,TasmContigFileContigIterator.new TasmVisitor() {...},3,22,1,1,2,4,2,3,1,3
Jillion,org.jcvi.jillion.orf,OrfFinder.FinderOptions,5,33,0,0,0,3,1,3,1,3
Jillion,org.jcvi.jillion.orf,OrfFinder.OrfVisitor,0,100,0,6,0,24,0,9,0,6
Jillion,org.jcvi.jillion.orf,Orf,89,48,18,8,17,15,15,2,2,2
Jillion,org.jcvi.jillion.orf,OrfFinder,5,118,2,8,0,20,3,7,1,4
Jillion,org.jcvi.jillion.internal.trace.chromat.abi.tag,DefaultTimeTaggedDataRecord,0,28,0,0,0,6,0,4,0,4
Jillion,org.jcvi.jillion.internal.trace.chromat.abi.tag,DefaultShortArrayTaggedDataRecord,0,36,0,2,0,9,0,5,0,4
Jillion,org.jcvi.jillion.internal.trace.chromat.abi.tag,DefaultIntegerArrayTaggedDataRecord,36,0,2,0,9,0,5,0,4,0
Jillion,org.jcvi.jillion.internal.trace.chromat.abi.tag,DefaultFloatTaggedDataRecord,0,36,0,2,0,9,0,5,0,4
Jillion,org.jcvi.jillion.internal.trace.chromat.abi.tag,DefaultDateTaggedDataRecord,0,36,0,0,0,9,0,4,0,4
Jillion,org.jcvi.jillion.internal.trace.chromat.abi.tag,DefaultAsciiTaggedDataRecord,0,21,0,0,0,5,0,4,0,4
Jillion,org.jcvi.jillion.internal.trace.chromat.abi.tag,TaggedDataRecordBuilder.new Object() {...},6,41,0,0,0,1,0,1,0,1
Jillion,org.jcvi.jillion.internal.trace.chromat.abi.tag,DefaultPascalStringTaggedDataRecord,0,18,0,0,0,5,0,4,0,4
Jillion,org.jcvi.jillion.internal.trace.chromat.abi.tag,TaggedDataRecordBuilder,94,253,9,18,12,37,9,17,0,10
Jillion,org.jcvi.jillion.internal.trace.chromat.abi.tag,DefaultUserDefinedTaggedDataRecord,11,0,0,0,2,0,1,0,1,0
Jillion,org.jcvi.jillion.internal.trace.chromat.abi.tag,DefaultTaggedDataRecord,0,17,0,0,0,5,0,4,0,4
Jillion,org.jcvi.jillion.internal.trace.chromat.abi.tag,AbstractTaggedDataRecord,219,67,22,2,41,18,19,6,8,5
Jillion,org.jcvi.jillion.assembly.consed.ace,AbstractAceContigBuilderVisitor.ReadVisitor,85,154,8,6,16,33,8,8,1,7
Jillion,org.jcvi.jillion.assembly.consed.ace,AceFileParser.NoMementoCallbackFactory.new AceFileVisitorCallback() {...},12,9,0,0,4,1,3,1,3,1
Jillion,org.jcvi.jillion.assembly.consed.ace,MultiAceFileVisitorAdapter.AceFileVisitorCallbackAdapter,21,0,0,0,8,0,5,0,5,0
Jillion,org.jcvi.jillion.assembly.consed.ace,AceFileParser.FileBasedParser.MementoCallbackFactory,0,13,0,0,0,2,0,2,0,2
Jillion,org.jcvi.jillion.assembly.consed.ace,BaseSegmentUtil.CurrentMatchingRead,0,21,0,0,0,8,0,4,0,4
Jillion,org.jcvi.jillion.assembly.consed.ace,AceFileUtil,203,619,11,31,38,136,11,34,4,20
Jillion,org.jcvi.jillion.assembly.consed.ace,AceFileParser.FileBasedParser.MementoCallbackFactory.new AceFileVisitorCallback() {...},2,26,0,0,1,4,1,3,1,3
Jillion,org.jcvi.jillion.assembly.consed.ace,ConsensusAceTagBuilder,0,71,0,0,0,16,0,4,0,4
Jillion,org.jcvi.jillion.assembly.consed.ace,DefaultAceAssembledRead.IllegalReAbacus,23,0,0,0,4,0,1,0,1,0
Jillion,org.jcvi.jillion.assembly.consed.ace,AceFileUtil.KnownFormats,15,65,1,3,1,12,1,4,0,3
Jillion,org.jcvi.jillion.assembly.consed.ace,AbstractAceContigBuilderVisitor,2,81,0,2,2,21,2,9,2,8
Jillion,org.jcvi.jillion.assembly.consed.ace,LargeAceFileDataStore.AceTagsVisitor.new AbstractAceConsensusTagVisitor() {...},0,20,0,0,0,3,0,2,0,2
Jillion,org.jcvi.jillion.assembly.consed.ace,AceContigVisitorAdapter,5,48,1,1,1,18,1,9,0,9
Jillion,org.jcvi.jillion.assembly.consed.ace,AbstractAceConsensusTagVisitor,1,34,0,0,1,10,1,4,1,4
Jillion,org.jcvi.jillion.assembly.consed.ace,HighLowAceContigPhdDatastore.FullLengthPhdParser2.new AbstractAceContigVisitor() {...},5,62,3,3,2,10,3,4,0,4
Jillion,org.jcvi.jillion.assembly.consed.ace,AceFileParser,24,29,3,3,7,11,3,7,1,6
Jillion,org.jcvi.jillion.assembly.consed.ace,AceFileParser.FileBasedParser,42,131,4,6,5,33,5,4,1,3
Jillion,org.jcvi.jillion.assembly.consed.ace,AceAssembledReadAdapter,108,59,22,0,27,17,16,12,5,12
Jillion,org.jcvi.jillion.assembly.consed.ace,HighLowPhdAceContigVisitor,126,0,12,0,23,0,12,0,6,0
Jillion,org.jcvi.jillion.assembly.consed.ace,AceFileParser.SectionHandler,5,205,0,4,0,30,1,10,1,8
Jillion,org.jcvi.jillion.assembly.consed.ace,LargeAceFileDataStore.new StreamingIterator() {...},35,0,0,0,9,0,5,0,5,0
Jillion,org.jcvi.jillion.assembly.consed.ace,MultiAceFileVisitorAdapter.MultiAceContigVisitor,201,0,30,0,49,0,23,0,8,0
Jillion,org.jcvi.jillion.assembly.consed.ace,LargeAceFileDataStore.AceTagsVisitor,3,90,1,1,2,20,2,11,1,11
Jillion,org.jcvi.jillion.assembly.consed.ace,LargeAceFileDataStore.SizeVisitor.new AceContigVisitor() {...},2,14,0,0,2,6,2,6,2,6
Jillion,org.jcvi.jillion.assembly.consed.ace,LargeAceFileDataStore.SizeVisitor.new AceContigReadVisitor() {...},5,19,1,1,2,7,2,5,1,5
Jillion,org.jcvi.jillion.assembly.consed.ace,MultiAceFileVisitorAdapter.MultiAceConsensusTagVisitor,75,0,12,0,20,0,11,0,5,0
Jillion,org.jcvi.jillion.assembly.consed.ace,ConsedConsensusQualityComputer.QualityPosition,60,16,10,0,17,5,7,2,2,2
Jillion,org.jcvi.jillion.assembly.consed.ace,IndexedAceFileDataStore.SingleAceFileVisitor.new AbstractAceContigBuilderVisitor() {...},0,22,0,0,0,4,0,2,0,2
Jillion,org.jcvi.jillion.assembly.consed.ace,AceFileDataStoreBuilder,73,60,10,8,16,18,10,6,2,4
Jillion,org.jcvi.jillion.assembly.consed.ace,LargeAceFileDataStore,77,245,12,18,18,78,13,20,1,17
Jillion,org.jcvi.jillion.assembly.consed.ace,AceFileWriterBuilder,20,55,5,5,4,16,5,4,0,4
Jillion,org.jcvi.jillion.assembly.consed.ace,LargeAceFileDataStore.IdIteratorImpl,7,20,0,0,2,5,0,2,0,2
Jillion,org.jcvi.jillion.assembly.consed.ace,LargeAceFileDataStore.SingleContigVisitor,5,27,0,2,4,9,4,6,4,5
Jillion,org.jcvi.jillion.assembly.consed.ace,MultiAceFileVisitorAdapter.MultiAceContigReadVisitor,108,0,16,0,27,0,14,0,6,0
Jillion,org.jcvi.jillion.assembly.consed.ace,DefaultAceFileDataStore.Visitor,3,97,1,3,2,21,2,8,1,7
Jillion,org.jcvi.jillion.assembly.consed.ace,HighLowPhdAceContigVisitor.IndividualReadPhdBuilderVisitor,117,0,6,0,28,0,7,0,4,0
Jillion,org.jcvi.jillion.assembly.consed.ace,HighLowAceContigPhdDatastore.FullLengthPhdParser2,2,53,1,1,1,14,1,4,0,4
Jillion,org.jcvi.jillion.assembly.consed.ace,DefaultAceFileDataStore.Visitor.new AbstractAceContigBuilderVisitor() {...},0,33,0,0,0,4,0,2,0,2
Jillion,org.jcvi.jillion.assembly.consed.ace,DefaultAceFileDataStore.Visitor.new AbstractAceConsensusTagVisitor() {...},0,20,0,0,0,3,0,2,0,2
Jillion,org.jcvi.jillion.assembly.consed.ace,BaseSegmentUtil,3,274,0,30,2,66,1,21,1,6
Jillion,org.jcvi.jillion.assembly.consed.ace,AceContigBuilder.DefaultAceContigImpl,109,123,25,13,15,30,20,11,2,10
Jillion,org.jcvi.jillion.assembly.consed.ace,WholeAssemblyAceTag,34,21,2,4,5,7,4,3,2,2
Jillion,org.jcvi.jillion.assembly.consed.ace,AceFileParser.SectionHandler.new AceFileParser.SectionHandler() {...},0,37,0,2,0,8,0,3,0,2
Jillion,org.jcvi.jillion.assembly.consed.ace,AceFileParser.SectionHandler.new AceFileParser.SectionHandler() {...},82,97,7,5,12,25,5,4,0,3
Jillion,org.jcvi.jillion.assembly.consed.ace,AceFileParser.SectionHandler.new AceFileParser.SectionHandler() {...},0,44,0,6,0,10,0,5,0,2
Jillion,org.jcvi.jillion.assembly.consed.ace,AceFileParser.SectionHandler.new AceFileParser.SectionHandler() {...},0,24,0,2,0,6,0,3,0,2
Jillion,org.jcvi.jillion.assembly.consed.ace,AceFileParser.SectionHandler.new AceFileParser.SectionHandler() {...},0,33,0,4,0,6,0,4,0,2
Jillion,org.jcvi.jillion.assembly.consed.ace,AceFileParser.SectionHandler.new AceFileParser.SectionHandler() {...},0,48,0,2,0,12,0,3,0,2
Jillion,org.jcvi.jillion.assembly.consed.ace,AceFileParser.SectionHandler.new AceFileParser.SectionHandler() {...},0,23,0,0,0,5,0,2,0,2
Jillion,org.jcvi.jillion.assembly.consed.ace,HighLowAceContigPhdDatastore.Builder,69,30,4,0,18,9,9,2,7,2
Jillion,org.jcvi.jillion.assembly.consed.ace,AceFileParser.SectionHandler.new AceFileParser.SectionHandler() {...},0,15,0,2,0,4,0,3,0,2
Jillion,org.jcvi.jillion.assembly.consed.ace,AbstractAceFileVisitor,3,9,0,0,2,6,2,6,2,6
Jillion,org.jcvi.jillion.assembly.consed.ace,AbstractAceContigReadVisitor,1,7,0,0,1,5,1,5,1,5
Jillion,org.jcvi.jillion.assembly.consed.ace,IndexedAceFileDataStore.SingleAceFileVisitor,6,16,0,0,5,4,5,4,5,4
Jillion,org.jcvi.jillion.assembly.consed.ace,AceFileParser.InputStreamParser,21,49,2,2,3,14,3,3,1,3
Jillion,org.jcvi.jillion.assembly.consed.ace,DefaultAceFileDataStore,14,122,2,2,3,31,3,16,1,16
Jillion,org.jcvi.jillion.assembly.consed.ace,AbstractDefaultAceTag,74,84,13,13,19,24,13,7,1,6
Jillion,org.jcvi.jillion.assembly.consed.ace,AceFileParser.SectionHandler.new AceFileParser.SectionHandler() {...},32,90,4,6,5,22,4,3,0,2
Jillion,org.jcvi.jillion.assembly.consed.ace,AceFileParser.AceParserState,32,316,7,33,3,86,8,36,1,23
Jillion,org.jcvi.jillion.assembly.consed.ace,LargeAceFileDataStore.AceFileDataStoreIterator.1.new AbstractAceContigBuilderVisitor() {...},0,16,0,0,0,3,0,2,0,2
Jillion,org.jcvi.jillion.assembly.consed.ace,MultiAceFileVisitorAdapter,420,0,64,0,103,0,43,0,11,0
Jillion,org.jcvi.jillion.assembly.consed.ace,LargeAceFileDataStore.SingleContigVisitor.new AbstractAceContigBuilderVisitor() {...},0,22,0,0,0,4,0,2,0,2
Jillion,org.jcvi.jillion.assembly.consed.ace,AceFileParser.NoMementoCallbackFactory,0,9,0,0,0,2,0,2,0,2
Jillion,org.jcvi.jillion.assembly.consed.ace,PhdInfo,36,137,8,22,5,37,7,15,1,6
Jillion,org.jcvi.jillion.assembly.consed.ace,LargeAceFileDataStore.AceFileDataStoreIterator,7,19,0,0,2,5,0,2,0,2
Jillion,org.jcvi.jillion.assembly.consed.ace,MultipleAceContigVisitor,170,0,22,0,42,0,20,0,9,0
Jillion,org.jcvi.jillion.assembly.consed.ace,HighLowAceContigPhdDatastore,31,35,0,0,7,9,7,4,7,4
Jillion,org.jcvi.jillion.assembly.consed.ace,AlignedReadInfo,0,101,0,12,0,27,0,13,0,7
Jillion,org.jcvi.jillion.assembly.consed.ace,DefaultAceAssembledRead.Builder,108,220,16,8,32,64,18,29,8,27
Jillion,org.jcvi.jillion.assembly.consed.ace,AceFileParser.SectionHandler.ResultHandler,0,17,0,0,0,6,0,2,0,2
Jillion,org.jcvi.jillion.assembly.consed.ace,ConsensusAceTagBuilder.DefaultConsensusAceTagBuilderImpl,87,58,13,9,19,15,12,4,2,3
Jillion,org.jcvi.jillion.assembly.consed.ace,AceFileUtil.IdAlignedReadInfo,65,66,8,2,18,17,7,8,3,7
Jillion,org.jcvi.jillion.assembly.consed.ace,AbstractAceFileWriter,22,316,2,14,3,67,2,12,0,6
Jillion,org.jcvi.jillion.assembly.consed.ace,DefaultAceAssembledRead,83,89,15,7,19,23,16,12,5,12
Jillion,org.jcvi.jillion.assembly.consed.ace,AbstractAceFileWriter.IdAlignedReadInfo,70,104,8,4,18,29,7,10,3,8
Jillion,org.jcvi.jillion.assembly.consed.ace,LargeAceFileDataStore.IdIteratorImpl.InnerVisitor,3,23,1,1,3,7,4,5,3,5
Jillion,org.jcvi.jillion.assembly.consed.ace,IndexedAceFileDataStore.VisitorBuilder.new AbstractAceConsensusTagVisitor() {...},0,20,0,0,0,3,0,2,0,2
Jillion,org.jcvi.jillion.assembly.consed.ace,LargeAceFileDataStore.SizeVisitor,3,54,0,2,3,14,3,8,3,7
Jillion,org.jcvi.jillion.assembly.consed.ace,AbstractAceContigBuilderVisitor.new Object() {...},26,0,0,0,1,0,1,0,1,0
Jillion,org.jcvi.jillion.assembly.consed.ace,IndexedAceFileDataStore.VisitorBuilder,3,100,1,3,2,21,2,8,1,7
Jillion,org.jcvi.jillion.assembly.consed.ace,ReadAceTag,47,20,1,1,7,5,3,3,2,3
Jillion,org.jcvi.jillion.assembly.consed.ace,IndexedAceFileDataStore,51,152,3,3,11,42,4,14,1,14
Jillion,org.jcvi.jillion.assembly.consed.ace,BaseSegmentUtil.NoReadMatchesConsensusException,0,16,0,0,0,2,0,1,0,1
Jillion,org.jcvi.jillion.assembly.consed.ace,AceFileDataStoreBuilder.new Object() {...},3,23,0,0,0,1,0,1,0,1
Jillion,org.jcvi.jillion.assembly.consed.ace,ConsedConsensusQualityComputer,28,456,4,68,6,101,5,45,1,13
Jillion,org.jcvi.jillion.assembly.consed.ace,HighLowAceContigPhdDatastore.FullLengthPhdParser2.IndividualReadPhdBuilderVisitor,0,117,0,6,0,28,0,7,0,4
Jillion,org.jcvi.jillion.assembly.consed.ace,AceFileUtil.new ThreadLocal() {...},0,21,0,0,0,3,0,3,0,3
Jillion,org.jcvi.jillion.assembly.consed.ace,AceFileUtil.new ThreadLocal() {...},0,18,0,0,0,5,0,3,0,3
Jillion,org.jcvi.jillion.assembly.consed.ace,AceContigBuilder,227,1042,25,71,46,246,27,58,6,31
Jillion,org.jcvi.jillion.assembly.consed.ace,AbstractAceContigVisitor,2,9,0,0,2,6,2,6,2,6
Jillion,org.jcvi.jillion.assembly.consed.ace,MultipleAceContigReadVisitor,116,0,14,0,29,0,14,0,7,0
Jillion,org.jcvi.jillion.assembly.consed.ace,AceFileParser.FileBasedParser.AceFileMemento,0,15,0,0,0,5,0,3,0,3
Jillion,org.jcvi.jillion.assembly.consed.ace,AbstractDefaultPlacedAceTag,64,66,17,9,16,19,13,6,1,5
Jillion,org.jcvi.jillion.assembly.consed.ace,AceFileWriterBuilder.DefaultAceFileWriter,7,334,2,10,0,71,2,13,0,9
Jillion,org.jcvi.jillion.assembly.consed.ace,LargeAceFileDataStore.AceFileDataStoreIterator.new AceFileVisitor() {...},3,27,0,2,3,7,3,6,3,5
Jillion,org.jcvi.jillion.assembly.consed.ace,DefaultAceBaseSegment,17,79,0,14,1,23,1,12,1,5
Jillion,org.jcvi.jillion.assembly.consed.ace,AceContigBuilder.ConsedReadComparator,9,36,0,2,0,6,2,4,2,3
Jillion,org.jcvi.jillion.assembly.consed.ace,AceFileParser.SectionHandler.new AceFileParser.SectionHandler() {...},26,157,5,25,4,45,5,13,0,3
Jillion,org.jcvi.jillion.assembly.consed.ace,AceFileParser.SectionHandler.new AceFileParser.SectionHandler() {...},25,98,5,11,5,27,5,6,0,3
Jillion,org.jcvi.jillion.assembly.consed.ace,AceFileParser.SectionHandler.new AceFileParser.SectionHandler() {...},0,25,0,4,0,6,0,4,0,2
Jillion,org.jcvi.jillion.core.io,IOUtil,453,1406,52,118,102,275,53,115,17,66
Jillion,org.jcvi.jillion.core.io,BasicZipInputStreamSupplier,0,21,0,0,0,5,0,2,0,2
Jillion,org.jcvi.jillion.core.io,AbstractFileInputStreamSupplier,4,9,0,0,1,4,1,1,1,1
Jillion,org.jcvi.jillion.core.io,GZipInputStreamSupplier,0,16,0,0,0,3,0,2,0,2
Jillion,org.jcvi.jillion.core.io,SubLengthInputStream,0,64,0,6,0,17,0,7,0,4
Jillion,org.jcvi.jillion.core.io,OutputStreams,53,8,0,0,8,1,7,1,7,1
Jillion,org.jcvi.jillion.core.io,FileUtil,18,166,5,23,7,42,7,17,2,8
Jillion,org.jcvi.jillion.core.io,PushBackBufferedReader,0,38,0,4,0,13,0,6,0,4
Jillion,org.jcvi.jillion.core.io,InputStreamSupplier,32,94,10,12,1,16,9,6,1,3
Jillion,org.jcvi.jillion.core.io,BufferSize,3,90,0,14,2,18,1,10,1,3
Jillion,org.jcvi.jillion.core.io,RawFileInputStreamSupplier,0,36,0,0,0,7,0,5,0,5
Jillion,org.jcvi.jillion.trace.chromat.ztr,ZtrChromatogramParser,49,85,4,4,10,30,3,10,0,9
Jillion,org.jcvi.jillion.trace.chromat.ztr,ZtrChromatogramWriterBuilder.ZtrChromatogramWriterImpl,5,54,1,3,1,18,1,5,0,4
Jillion,org.jcvi.jillion.trace.chromat.ztr,ZtrChromatogramBuilder.ZTRChromatogramFileBuilderVisitor,0,79,0,0,0,28,0,14,0,14
Jillion,org.jcvi.jillion.trace.chromat.ztr,ZtrChromatogramParser.ZtrFileChromatogramParser,10,26,1,1,1,9,1,2,0,2
Jillion,org.jcvi.jillion.trace.chromat.ztr,ZtrChromatogramWriterBuilder,17,37,2,4,4,13,2,4,0,3
Jillion,org.jcvi.jillion.trace.chromat.ztr,ZtrChromatogramParser.InputStreamChromatogramParser,10,24,2,2,2,9,2,2,0,2
Jillion,org.jcvi.jillion.trace.chromat.ztr,ZtrChromatogramBuilder,18,179,0,0,6,49,2,28,2,28
Jillion,org.jcvi.jillion.sam,DefaultSamFileDataStore.new AbstractSamVisitor() {...},0,23,0,0,0,6,0,3,0,3
Jillion,org.jcvi.jillion.sam,DefaultSamFileDataStore.new AbstractSamVisitor() {...},0,24,0,2,0,4,0,3,0,2
Jillion,org.jcvi.jillion.sam,DefaultSamFileDataStore.new AbstractSamVisitor() {...},0,26,0,2,0,5,0,3,0,2
Jillion,org.jcvi.jillion.sam,SamFileParser.SamFileMemento,75,0,12,0,22,0,9,0,3,0
Jillion,org.jcvi.jillion.sam,DefaultSamFileDataStore.new StreamingIterator() {...},31,0,0,0,9,0,5,0,5,0
Jillion,org.jcvi.jillion.sam,SamRecordImpl,330,253,59,35,65,63,50,23,8,18
Jillion,org.jcvi.jillion.sam,SamValidationException,5,4,0,0,2,2,1,1,1,1
Jillion,org.jcvi.jillion.sam,ReSortSamFileWriter.InMemoryStreamingIterator,8,37,1,3,2,8,2,5,1,4
Jillion,org.jcvi.jillion.sam,PresortedBamFileWriter,20,283,0,16,4,65,1,13,1,5
Jillion,org.jcvi.jillion.sam,SortOrder.new SortOrder() {...},0,8,0,0,0,2,0,2,0,2
Jillion,org.jcvi.jillion.sam,SortOrder.new SortOrder() {...},0,11,0,0,0,2,0,2,0,2
Jillion,org.jcvi.jillion.sam,SortOrder.new Comparator() {...},2,15,1,3,1,5,1,3,0,2
Jillion,org.jcvi.jillion.sam,SamFileParser.SamCallback,20,0,0,0,6,0,3,0,3,0
Jillion,org.jcvi.jillion.sam,BgzfInputStream,151,317,30,32,32,75,27,17,2,11
Jillion,org.jcvi.jillion.sam,DefaultSamFileDataStore.SingleReferenceFilteredVisitor.new AbstractSamVisitor() {...},0,24,0,4,0,5,0,4,0,2
Jillion,org.jcvi.jillion.sam,AbstractSamFileParser.AbstractCallback,4,11,0,0,1,5,1,2,1,2
Jillion,org.jcvi.jillion.sam,SamFileDataStore,70,0,4,0,13,0,6,0,4,0
Jillion,org.jcvi.jillion.sam,BgzfOutputStream,64,330,6,10,13,68,7,11,2,8
Jillion,org.jcvi.jillion.sam,SamFileWriterBuilder,44,145,8,16,11,36,10,13,3,8
Jillion,org.jcvi.jillion.sam,ReSortSamFileWriter.SortedSamRecordElement,17,9,0,0,1,4,1,1,1,1
Jillion,org.jcvi.jillion.sam,SamRecordFlag,5,219,0,10,0,30,1,12,1,7
Jillion,org.jcvi.jillion.sam,DefaultSamFileDataStore.FilteredVisitor,7,16,0,0,2,4,0,2,0,2
Jillion,org.jcvi.jillion.sam,SamWriter,332,0,52,0,34,0,34,0,8,0
Jillion,org.jcvi.jillion.sam,DefaultSamFileDataStore,124,254,6,16,31,66,10,21,4,16
Jillion,org.jcvi.jillion.sam,DefaultSamFileDataStore.new AbstractSamVisitor() {...},11,19,3,1,3,5,2,2,0,2
Jillion,org.jcvi.jillion.sam,DefaultSamFileDataStore.new AbstractSamVisitor() {...},32,0,4,0,8,0,4,0,2,0
Jillion,org.jcvi.jillion.sam,DefaultSamFileDataStore.new AbstractSamVisitor() {...},30,0,4,0,8,0,4,0,2,0
Jillion,org.jcvi.jillion.sam,DefaultSamFileDataStore.new StreamingIterator() {...},35,0,0,0,9,0,5,0,5,0
Jillion,org.jcvi.jillion.sam,AbstractSamFileParser,92,402,19,43,13,99,19,22,0,10
Jillion,org.jcvi.jillion.sam,SamFileDataStoreBuilder,23,51,1,3,7,14,3,4,2,3
Jillion,org.jcvi.jillion.sam,ReSortSamFileWriter.StreamingSamRecordIterator.new SamVisitor() {...},14,0,0,0,6,0,5,0,5,0
Jillion,org.jcvi.jillion.sam,Encoding,12,62,0,2,1,11,3,6,3,5
Jillion,org.jcvi.jillion.sam,BamFileParser.BamFileMemento,75,0,12,0,22,0,9,0,3,0
Jillion,org.jcvi.jillion.sam,DefaultSamFileDataStore.SingleReferenceFilteredVisitor,7,21,0,0,2,7,0,2,0,2
Jillion,org.jcvi.jillion.sam,SamFileParser.MementoLessSamCallback,6,7,0,0,2,3,2,1,2,1
Jillion,org.jcvi.jillion.sam,SortOrder.CoordinateComparator,2,123,1,27,1,31,1,16,0,3
Jillion,org.jcvi.jillion.sam,QuerySortedSamFileDataStore.new AbstractSamVisitor() {...},0,35,0,4,0,7,0,4,0,2
Jillion,org.jcvi.jillion.sam,SamFileParser,321,304,32,24,61,74,29,15,6,10
Jillion,org.jcvi.jillion.sam,SamRecordFlags,188,65,16,4,37,15,20,10,11,9
Jillion,org.jcvi.jillion.sam,SamParserFactory,33,78,3,9,6,18,5,7,2,4
Jillion,org.jcvi.jillion.sam,ReSortSamFileWriter.StreamingSamRecordIterator,39,0,0,0,10,0,2,0,2,0
Jillion,org.jcvi.jillion.sam,SortOrder,5,102,0,2,0,16,1,7,1,6
Jillion,org.jcvi.jillion.sam,BamFileParser.AbstractBamCallback,0,7,0,0,0,3,0,1,0,1
Jillion,org.jcvi.jillion.sam,DefaultSamFileDataStore.SingleReferenceAndRangeFilteredVisitor,7,26,0,0,2,8,0,2,0,2
Jillion,org.jcvi.jillion.sam,SamRecordBuilder,143,241,23,29,27,76,24,27,4,21
Jillion,org.jcvi.jillion.sam,AbstractSamFileParser.new AbstractSamVisitor() {...},0,17,0,0,0,4,0,2,0,2
Jillion,org.jcvi.jillion.sam,BamFileParser.BamCallback,32,0,0,0,10,0,5,0,5,0
Jillion,org.jcvi.jillion.sam,SamParser.SamParserOptions,29,25,0,0,4,9,4,4,4,4
Jillion,org.jcvi.jillion.sam,VirtualFileOffset,38,159,2,20,9,36,3,18,2,8
Jillion,org.jcvi.jillion.sam,Encoding.new Encoding() {...},6,16,0,0,1,2,1,2,1,2
Jillion,org.jcvi.jillion.sam,Encoding.new Encoding() {...},6,14,0,0,1,2,1,2,1,2
Jillion,org.jcvi.jillion.sam,QuerySortedSamFileDataStore,0,23,0,0,0,7,0,3,0,3
Jillion,org.jcvi.jillion.sam,BamFileParser,498,680,62,54,64,157,58,43,9,26
Jillion,org.jcvi.jillion.sam,DefaultSamFileDataStore.SingleReferenceAndRangeFilteredVisitor.new AbstractSamVisitor() {...},0,24,0,4,0,5,0,4,0,2
Jillion,org.jcvi.jillion.sam,ReSortSamFileWriter,132,190,12,12,19,52,10,9,0,7
Jillion,org.jcvi.jillion.sam,NullSamAttributeValidator,9,20,0,0,0,3,2,3,2,3
Jillion,org.jcvi.jillion.sam,ReSortSamFileWriter.MergedSortedRecordIterator,4,92,0,8,1,21,1,8,1,4
Jillion,org.jcvi.jillion.sam,BamFileParser.MementoLessBamCallback,6,9,0,0,2,4,2,2,2,2
Jillion,org.jcvi.jillion.sam,AbstractSamVisitor,1,6,0,0,1,4,1,4,1,4
Jillion,org.jcvi.jillion.sam,ReSortSamFileWriter.SortedSamRecordElementComparator,8,6,0,0,1,3,1,1,1,1
Jillion,org.jcvi.jillion.sam,DefaultSamFileDataStore.FilteredVisitor.new AbstractSamVisitor() {...},8,16,3,1,1,4,2,2,0,2
Jillion,org.jcvi.jillion.sam,IndexedBamFileParser,313,34,40,2,39,6,27,2,6,2
Jillion,org.jcvi.jillion.sam,PresortedSamFileWriter,36,203,6,12,7,50,6,9,0,6
Jillion,org.jcvi.jillion.assembly.consed.transform,ConsedTransformationService,75,0,8,0,17,0,6,0,2,0
Jillion,org.jcvi.jillion.assembly.consed.transform,ConsedTransformationService.new AbstractAceFileVisitor() {...},19,0,0,0,4,0,3,0,3,0
Jillion,org.jcvi.jillion.assembly.consed.transform,ConsedTransformationService.Builder,103,0,8,0,21,0,8,0,4,0
Jillion,org.jcvi.jillion.assembly.consed.transform,ConsedTransformationService.1.new AceContigVisitor() {...},82,0,4,0,22,0,11,0,9,0
Jillion,org.jcvi.jillion.assembly.consed.transform,ConsedTransformationService.1.1.new AceContigReadVisitor() {...},114,0,2,0,24,0,7,0,6,0
Jillion,org.jcvi.jillion.fasta.nt,IndexedNucleotideSequenceFastaFileDataStore.BuilderVisitor,6,76,1,5,2,20,2,8,1,6
Jillion,org.jcvi.jillion.fasta.nt,NucleotideFastaWriterBuilder.NoCommentedNonRedundantEntry,32,29,10,0,12,10,6,4,1,4
Jillion,org.jcvi.jillion.fasta.nt,NucleotideFastaRecordBuilder,9,31,0,2,1,8,1,5,1,4
Jillion,org.jcvi.jillion.fasta.nt,LargeNucleotideSequenceFastaFileDataStore.new AbstractNucleotideFastaRecordVisitor() {...},16,0,0,0,3,0,2,0,2,0
Jillion,org.jcvi.jillion.fasta.nt,NucleotideFastaWriterBuilder.NucleotideSequenceFastaRecordWriterImpl,0,7,0,0,0,2,0,1,0,1
Jillion,org.jcvi.jillion.fasta.nt,IndexedNucleotideSequenceFastaFileDataStore.new StreamingIterator() {...},42,0,0,0,8,0,5,0,5,0
Jillion,org.jcvi.jillion.fasta.nt,NucleotideFastaWriterBuilder.CommentedNonRedundantEntry,35,37,10,0,12,11,6,4,1,4
Jillion,org.jcvi.jillion.fasta.nt,IndexedNucleotideSequenceFastaFileDataStore.SingleRecordVisitor,0,22,0,2,0,8,0,5,0,4
Jillion,org.jcvi.jillion.fasta.nt,LargeNucleotideSequenceFastaFileDataStore,19,44,1,3,4,12,3,5,2,4
Jillion,org.jcvi.jillion.fasta.nt,NucleotideFastaFileDataStoreBuilder.new Object() {...},3,23,0,0,0,1,0,1,0,1
Jillion,org.jcvi.jillion.fasta.nt,NucleotideFastaWriterBuilder.TmpDirSortedNucleotideFastaWriter,11,18,0,0,3,5,1,3,1,3
Jillion,org.jcvi.jillion.fasta.nt,NucleotideFastaWriterBuilder,28,100,4,6,6,22,4,11,1,9
Jillion,org.jcvi.jillion.fasta.nt,UnCommentedNucleotideSequenceFastaRecord,32,72,3,9,5,22,4,9,1,6
Jillion,org.jcvi.jillion.fasta.nt,FaiNucleotideFastaWriter,6,47,1,1,2,17,2,4,1,4
Jillion,org.jcvi.jillion.fasta.nt,AbstractNucleotideFastaRecordVisitor,0,20,0,0,0,7,0,2,0,2
Jillion,org.jcvi.jillion.fasta.nt,FaiNucleotideWriterBuilder,30,97,6,2,0,21,4,6,0,6
Jillion,org.jcvi.jillion.fasta.nt,LargeNucleotideSequenceFastaIterator,12,43,1,1,3,14,1,4,0,4
Jillion,org.jcvi.jillion.fasta.nt,LargeNucleotideSequenceFastaIterator.NucleotideFastaRecordVisitor,0,66,0,6,0,19,0,8,0,5
Jillion,org.jcvi.jillion.fasta.nt,NucleotideFastaFileDataStoreBuilder,20,109,2,10,3,31,3,14,1,9
Jillion,org.jcvi.jillion.fasta.nt,DefaultNucleotideFastaFileDataStore,8,62,0,2,2,14,1,8,1,7
Jillion,org.jcvi.jillion.fasta.nt,IndexedNucleotideSequenceFastaFileDataStore.SingleRecordVisitor.new AbstractNucleotideFastaRecordVisitor() {...},0,14,0,0,0,3,0,2,0,2
Jillion,org.jcvi.jillion.fasta.nt,FaiNucleotideFastaFileDataStore,100,148,14,8,10,29,16,15,6,14
Jillion,org.jcvi.jillion.fasta.nt,IndexedNucleotideSequenceFastaFileDataStore.BuilderVisitor.new AbstractNucleotideFastaRecordVisitor() {...},0,30,0,2,0,4,0,3,0,2
Jillion,org.jcvi.jillion.fasta.nt,DefaultNucleotideFastaFileDataStore.NucleotideFastaDataStoreBuilderVisitorImpl2,1,49,0,2,1,14,1,6,1,5
Jillion,org.jcvi.jillion.fasta.nt,DefaultNucleotideFastaFileDataStore.NucleotideFastaDataStoreBuilderVisitorImpl2.ReusableNucleotideFastaRecordVisitor,1,59,0,4,1,15,1,6,1,4
Jillion,org.jcvi.jillion.fasta.nt,NucleotideFastaWriterBuilder.NonRedundantNucleotideSequenceFastaWriter,16,101,0,4,2,25,1,8,1,6
Jillion,org.jcvi.jillion.fasta.nt,NucleotideFastaWriterBuilder.NonRedundantEntry,0,36,0,4,0,7,0,3,0,1
Jillion,org.jcvi.jillion.fasta.nt,NucleotideFastaWriterBuilder.InMemorySortedNucleotideFastaWriter,11,5,0,0,3,2,1,1,1,1
Jillion,org.jcvi.jillion.fasta.nt,IndexedNucleotideSequenceFastaFileDataStore,56,159,4,10,14,46,7,17,3,14
Jillion,org.jcvi.jillion.fasta.nt,NucleotideFastaFileDataStore,12,6,0,0,3,1,1,1,1,1
Jillion,org.jcvi.jillion.fasta.nt,CommentedNucleotideSequenceFastaRecord,0,18,0,0,0,6,0,4,0,4
Jillion,org.jcvi.jillion.fasta.nt,LargeNucleotideSequenceFastaIterator.new FastaVisitor() {...},0,35,0,2,0,8,0,5,0,4
Jillion,org.jcvi.jillion.fasta.nt,NucleotideFastaFileReader,59,0,4,0,22,0,9,0,7,0
Jillion,org.jcvi.jillion.fasta.nt,NucleotideFastaDataStore,0,83,0,8,0,20,0,7,0,3
Jillion,org.jcvi.jillion.profile,SimpleProfileWriter,23,608,7,55,4,99,7,42,0,16
Jillion,org.jcvi.jillion.profile,BaseCount,70,21,12,0,19,7,8,4,2,4
Jillion,org.jcvi.jillion.profile,ProfileWriterBuilder,0,144,0,4,0,36,0,10,0,8
Jillion,org.jcvi.jillion.profile,DisplayCountStrategy,9,34,0,0,0,4,2,2,2,2
Jillion,org.jcvi.jillion.profile,SimpleProfileWriter.new Object() {...},5,35,0,0,0,1,0,1,0,1
Jillion,org.jcvi.jillion.profile,MostFrequentTieBreakerRule.new MostFrequentTieBreakerRule() {...},4,34,1,3,2,10,1,3,0,2
Jillion,org.jcvi.jillion.profile,MostFrequentTieBreakerRule.new MostFrequentTieBreakerRule() {...},0,20,0,0,0,3,0,2,0,2
Jillion,org.jcvi.jillion.profile,MostFrequentTieBreakerRule.new MostFrequentTieBreakerRule() {...},0,9,0,0,0,2,0,2,0,2
Jillion,org.jcvi.jillion.profile,DisplayCountStrategy.new DisplayCountStrategy() {...},0,47,0,0,0,8,0,2,0,2
Jillion,org.jcvi.jillion.profile,DisplayCountStrategy.new DisplayCountStrategy() {...},11,76,1,1,1,10,1,2,0,2
Jillion,org.jcvi.jillion.profile,MostFrequentTieBreakerRule,9,39,0,0,0,4,2,2,2,2
Jillion,org.jcvi.jillion.internal.trace.chromat.ztr.data,ZLibData,14,153,2,2,0,31,4,5,2,5
Jillion,org.jcvi.jillion.internal.trace.chromat.ztr.data,DataHeader,3,28,0,0,2,9,1,1,1,1
Jillion,org.jcvi.jillion.internal.trace.chromat.ztr.data,FollowData,9,235,0,10,0,45,2,13,2,8
Jillion,org.jcvi.jillion.internal.trace.chromat.ztr.data,RunLengthEncodedData,14,325,0,26,1,72,3,28,3,15
Jillion,org.jcvi.jillion.internal.trace.chromat.ztr.data,RawData,13,39,0,0,1,7,3,4,3,4
Jillion,org.jcvi.jillion.internal.trace.chromat.ztr.data,DataFactory,3,90,0,6,1,19,1,5,1,2
Jillion,org.jcvi.jillion.internal.trace.chromat.ztr.data,ShrinkToEightBitData,9,207,0,12,0,45,2,16,2,10
Jillion,org.jcvi.jillion.internal.trace.chromat.ztr.data,DeltaEncodedData.new DeltaEncodedData() {...},0,10,0,0,0,2,0,2,0,2
Jillion,org.jcvi.jillion.internal.trace.chromat.ztr.data,DeltaEncodedData,29,154,3,3,2,27,5,7,3,6
Jillion,org.jcvi.jillion.internal.trace.chromat.ztr.data,DeltaStrategy,17,147,1,5,1,32,2,8,1,6
Jillion,org.jcvi.jillion.internal.trace.chromat.ztr.data,DeltaStrategy.new DeltaStrategy() {...},0,8,0,0,0,2,0,2,0,2
Jillion,org.jcvi.jillion.internal.trace.chromat.ztr.data,DeltaStrategy.new DeltaStrategy() {...},0,12,0,0,0,2,0,2,0,2
Jillion,org.jcvi.jillion.internal.trace.chromat.ztr.data,DeltaStrategy.new DeltaStrategy() {...},0,16,0,0,0,2,0,2,0,2
Jillion,org.jcvi.jillion.internal.trace.chromat.ztr.data,DeltaEncodedData.Level,9,48,0,0,0,8,2,3,2,3
Jillion,org.jcvi.jillion.testutils,NucleotideSequenceTestUtil,3,82,0,8,2,22,1,11,1,6
Jillion,org.jcvi.jillion.assembly.ca.frg,IndexedFragmentDataStore.FrgIterator.new Frg2Visitor() {...},15,40,1,1,3,11,2,6,1,6
Jillion,org.jcvi.jillion.assembly.ca.frg,Frg2Parser,180,311,22,26,46,87,22,22,7,13
Jillion,org.jcvi.jillion.assembly.ca.frg,FragmentUtil,3,171,2,16,2,44,3,14,1,7
Jillion,org.jcvi.jillion.assembly.ca.frg,Distance,23,207,3,13,4,48,4,19,1,14
Jillion,org.jcvi.jillion.assembly.ca.frg,AbstractFragmentDataStore,48,75,10,4,12,23,11,11,4,11
Jillion,org.jcvi.jillion.assembly.ca.frg,MateOrientation,12,71,0,4,1,14,3,7,3,4
Jillion,org.jcvi.jillion.assembly.ca.frg,AbstractFragmentDataStore.new StreamingIterator() {...},35,0,0,0,8,0,5,0,5,0
Jillion,org.jcvi.jillion.assembly.ca.frg,IndexedFragmentDataStore.SingleLinkVisitor,3,34,0,4,3,12,3,7,3,5
Jillion,org.jcvi.jillion.assembly.ca.frg,Frg2Visitor.FrgAction,27,53,4,1,4,7,6,3,2,3
Jillion,org.jcvi.jillion.assembly.ca.frg,IndexedFragmentDataStore.FrgIterator,12,30,0,0,2,8,0,2,0,2
Jillion,org.jcvi.jillion.assembly.ca.frg,IndexedFragmentDataStore.SingleFragVisitor,19,33,0,0,5,9,3,5,3,5
Jillion,org.jcvi.jillion.assembly.ca.frg,IndexedFragmentDataStore,71,267,10,6,19,69,10,18,3,17
Jillion,org.jcvi.jillion.assembly.ca.frg,DefaultLibrary,0,65,0,10,0,20,0,11,0,6
Jillion,org.jcvi.jillion.assembly.ca.frg,DefaultFragmentDataStore,58,151,8,4,11,40,7,10,1,10
Jillion,org.jcvi.jillion.assembly.ca.frg,DefaultFragment,31,97,0,6,7,30,3,14,3,11
Jillion,org.jcvi.jillion.internal.assembly.util,ConsensusCompactedSlice,6,51,3,5,3,15,3,5,0,4
Jillion,org.jcvi.jillion.internal.assembly.util,NoConsensusCompactedSlice.new Iterator() {...},8,34,1,3,2,5,2,4,1,3
Jillion,org.jcvi.jillion.internal.assembly.util,CompactedSliceMap.new Iterator() {...},3,12,0,0,2,2,2,2,2,2
Jillion,org.jcvi.jillion.internal.assembly.util,CompactedSliceElement,36,171,7,21,5,46,8,18,1,11
Jillion,org.jcvi.jillion.internal.assembly.util,CompactedSliceMap,25,246,5,21,5,62,5,21,0,13
Jillion,org.jcvi.jillion.internal.assembly.util,NoConsensusCompactedSlice,57,230,13,27,15,55,11,22,1,12
Jillion,org.jcvi.jillion.core.qual,RunLengthEncodedQualityCodec.Metrics,0,108,0,8,0,24,0,7,0,3
Jillion,org.jcvi.jillion.core.qual,RunLengthEncodedQualityCodec,102,629,16,60,27,190,16,41,3,16
Jillion,org.jcvi.jillion.core.qual,RunLengthEncodedQualitySequence,48,82,6,6,10,19,6,12,1,11
Jillion,org.jcvi.jillion.core.qual,QualitySequence,14,38,1,3,2,9,2,4,1,3
Jillion,org.jcvi.jillion.core.qual,RunLengthEncodedQualityCodec.RunLengthIterator,0,136,0,12,0,33,0,12,0,6
Jillion,org.jcvi.jillion.core.qual,DefaultQualitySymbolCodec,95,64,16,2,22,12,13,7,5,6
Jillion,org.jcvi.jillion.core.qual,EncodedQualitySequence,2,139,1,19,1,41,1,18,0,9
Jillion,org.jcvi.jillion.core.qual,PhredQuality,43,149,6,16,8,32,10,17,4,12
Jillion,org.jcvi.jillion.core.qual,QualitySequenceBuilder,38,306,2,10,9,75,4,36,3,31
Jillion,org.jcvi.jillion.core.qual,EncodedQualitySequence.Stats,0,12,0,0,0,5,0,1,0,1
Jillion,org.jcvi.jillion.core.qual,QualitySequenceBuilder.IteratorImpl,28,41,0,2,5,8,2,4,2,3
Jillion,org.jcvi.jillion.assembly,GappedReferenceBuilder,15,123,3,13,3,29,3,10,0,5
Jillion,org.jcvi.jillion.assembly,DefaultScaffoldDataStore,3,5,0,0,2,1,1,1,1,1
Jillion,org.jcvi.jillion.assembly,DefaultScaffoldDataStore.DefaultScaffoldDataStoreBuilder,37,72,4,4,7,12,3,5,1,3
Jillion,org.jcvi.jillion.assembly,Contig,4,0,0,0,1,0,1,0,1,0
Jillion,org.jcvi.jillion.assembly,ReadInfo,17,97,0,16,1,29,1,13,1,5
Jillion,org.jcvi.jillion.assembly,GappedReferenceBuilder.Insertion,12,22,1,3,1,9,1,4,0,3
Jillion,org.jcvi.jillion.assembly,AssemblyUtil,22,218,5,17,6,44,6,15,1,9
Jillion,org.jcvi.jillion.assembly,AbstractAssemblyTransformer,10,0,0,0,8,0,8,0,8,0
Jillion,org.jcvi.jillion.assembly,ContigDataStoreTransfomationService,34,90,3,7,3,28,3,4,0,2
Jillion,org.jcvi.jillion.assembly,DefaultPlacedContig,0,155,0,18,0,42,0,20,0,11
Jillion,org.jcvi.jillion.assembly,DefaultScaffold.Builder,27,123,3,7,4,32,5,8,2,6
Jillion,org.jcvi.jillion.assembly,AbstractContigBuilder,269,81,28,2,68,21,22,9,7,9
Jillion,org.jcvi.jillion.assembly,DefaultScaffold.PlacedContigComparator,0,20,0,2,0,5,0,3,0,2
Jillion,org.jcvi.jillion.assembly,ContigDataStoreTransfomationService.Builder,10,19,0,2,4,6,2,3,2,2
Jillion,org.jcvi.jillion.assembly,DefaultScaffold,96,226,8,18,24,45,12,15,4,10
Jillion,org.jcvi.jillion.internal.fasta.qual,DefaultQualityFastaFileDataStoreBuilder.new AbstractQualityFastaRecordVisitor() {...},0,30,0,4,0,4,0,4,0,2
Jillion,org.jcvi.jillion.internal.fasta.qual,QualitySequenceFastaDataStoreIteratorImpl,17,44,2,2,4,15,2,3,0,3
Jillion,org.jcvi.jillion.internal.fasta.qual,IndexedQualityFastaFileDataStore.IndexedQualitySequenceFastaDataStoreBuilderVisitor2,6,67,2,4,2,17,3,6,1,5
Jillion,org.jcvi.jillion.internal.fasta.qual,LargeQualityFastaFileDataStore,11,37,0,0,2,8,2,5,2,5
Jillion,org.jcvi.jillion.internal.fasta.qual,IndexedQualityFastaFileDataStore.Impl,25,90,0,4,7,26,2,10,2,8
Jillion,org.jcvi.jillion.internal.fasta.qual,IndexedQualityFastaFileDataStore.IndexedQualitySequenceFastaDataStoreBuilderVisitor2.new AbstractQualityFastaRecordVisitor() {...},0,30,0,2,0,4,0,3,0,2
Jillion,org.jcvi.jillion.internal.fasta.qual,LargeQualityFastaFileDataStore.new AbstractResuseableFastaRecordVisitor() {...},25,0,0,0,6,0,2,0,2,0
Jillion,org.jcvi.jillion.internal.fasta.qual,DefaultQualityFastaFileDataStoreBuilder,1,36,0,2,1,10,1,5,1,4
Jillion,org.jcvi.jillion.internal.fasta.qual,IndexedQualityFastaFileDataStore.SingleRecordVisitor,0,22,0,2,0,8,0,5,0,4
Jillion,org.jcvi.jillion.internal.fasta.qual,QualitySequenceFastaDataStoreIteratorImpl.new FastaVisitor() {...},3,24,1,1,2,5,2,3,1,3
Jillion,org.jcvi.jillion.internal.fasta.qual,QualitySequenceFastaDataStoreIteratorImpl.new AbstractResuseableFastaRecordVisitor() {...},0,32,0,4,0,7,0,4,0,2
Jillion,org.jcvi.jillion.internal.fasta.qual,DefaultQualityFastaFileDataStoreBuilder.AdaptedQualityDataStore,0,10,0,0,0,3,0,2,0,2
Jillion,org.jcvi.jillion.internal.fasta.qual,IndexedQualityFastaFileDataStore.Impl.new StreamingIterator() {...},42,0,0,0,8,0,5,0,5,0
Jillion,org.jcvi.jillion.internal.fasta.qual,IndexedQualityFastaFileDataStore,8,28,1,1,3,7,2,3,1,3
Jillion,org.jcvi.jillion.internal.fasta.qual,IndexedQualityFastaFileDataStore.SingleRecordVisitor.new AbstractQualityFastaRecordVisitor() {...},0,14,0,0,0,3,0,2,0,2
Jillion,org.jcvi.jillion.testutils.assembly.cas,CasParserTestDouble.AlignmentBuilder,0,62,0,0,0,12,0,4,0,4
Jillion,org.jcvi.jillion.testutils.assembly.cas,SffRecordWriter.Builder,58,68,4,4,12,18,6,5,3,4
Jillion,org.jcvi.jillion.testutils.assembly.cas,SffRecordWriter.new SffReadHeader() {...},0,32,0,0,0,5,0,5,0,5
Jillion,org.jcvi.jillion.testutils.assembly.cas,FastaRecordWriter,37,67,3,5,8,18,3,8,1,6
Jillion,org.jcvi.jillion.testutils.assembly.cas,DefaultCasAlignmentRegion,92,21,10,2,18,8,9,3,3,3
Jillion,org.jcvi.jillion.testutils.assembly.cas,SffRecordWriter.new Object() {...},3,23,0,0,0,1,0,1,0,1
Jillion,org.jcvi.jillion.testutils.assembly.cas,SffRecordWriter.new SffReadData() {...},0,38,0,0,0,5,0,5,0,5
Jillion,org.jcvi.jillion.testutils.assembly.cas,CasTestUtil,16,12,0,0,5,3,2,1,2,1
Jillion,org.jcvi.jillion.testutils.assembly.cas,CasParserTestDouble.CasAlignmentRegionImpl,10,51,2,2,2,16,2,4,0,4
Jillion,org.jcvi.jillion.testutils.assembly.cas,CasParserTestDouble.CasFileInfoImpl,6,52,0,2,2,15,2,4,2,3
Jillion,org.jcvi.jillion.testutils.assembly.cas,CasParserTestDouble.Builder.new CasMatch() {...},12,20,0,0,6,4,6,4,6,4
Jillion,org.jcvi.jillion.testutils.assembly.cas,FastqRecordWriter,44,93,4,8,9,24,4,9,1,6
Jillion,org.jcvi.jillion.testutils.assembly.cas,CasTestUtil.new AbstractCasFileVisitor() {...},38,0,2,0,8,0,3,0,2,0
Jillion,org.jcvi.jillion.testutils.assembly.cas,RecordWriter,0,4,0,0,0,1,0,1,0,1
Jillion,org.jcvi.jillion.testutils.assembly.cas,CasParserTestDouble.DefaultReadIdGenerator,5,155,1,13,1,32,1,12,0,6
Jillion,org.jcvi.jillion.testutils.assembly.cas,DefaultCasAlignment,128,31,16,0,25,10,11,5,3,5
Jillion,org.jcvi.jillion.testutils.assembly.cas,CasParserTestDouble.Builder,52,509,3,37,12,119,3,30,0,12
Jillion,org.jcvi.jillion.testutils.assembly.cas,SffRecordWriter,5,211,2,16,1,53,2,16,0,9
Jillion,org.jcvi.jillion.testutils.assembly.cas,CasParserTestDouble.new CasFileVisitor.CasVisitorCallback() {...},7,14,0,0,2,3,2,2,2,2
Jillion,org.jcvi.jillion.testutils.assembly.cas,CasParserTestDouble.new Object() {...},3,23,0,0,0,1,0,1,0,1
Jillion,org.jcvi.jillion.testutils.assembly.cas,CasParserTestDouble.new CasMatch() {...},12,9,0,0,6,4,6,4,6,4
Jillion,org.jcvi.jillion.testutils.assembly.cas,CasParserTestDouble,2,121,0,10,1,34,1,10,1,5
Jillion,org.jcvi.jillion.testutils.assembly.cas,DefaultCasAlignment.Builder,10,103,2,8,2,28,2,10,0,7
Jillion,org.jcvi.jillion.align.exonerate.vulgar,VulgarProtein2Genome2.AlignmentFragment,27,0,0,0,10,0,5,0,5,0
Jillion,org.jcvi.jillion.align.exonerate.vulgar,VulgarProtein2Genome2,887,0,94,0,152,0,63,0,16,0
Jillion,org.jcvi.jillion.align.exonerate.vulgar,VulgarElement,146,0,18,0,33,0,16,0,7,0
Jillion,org.jcvi.jillion.align.exonerate.vulgar,VulgarProtein2Genome2.AlignmentFragment.Builder,51,0,0,0,10,0,3,0,3,0
Jillion,org.jcvi.jillion.align.exonerate.vulgar,VulgarProtein2Genome,762,0,78,0,123,0,54,0,15,0
Jillion,org.jcvi.jillion.align.exonerate.vulgar,VulgarOperation,151,0,2,0,18,0,6,0,5,0
Jillion,org.jcvi.jillion.align.exonerate.vulgar,VulgarProtein2Genome2.AlignmentResult,191,0,28,0,49,0,23,0,9,0
Jillion,org.jcvi.jillion.align.exonerate.vulgar,VulgarProtein2Genome.AlignmentResult,191,0,28,0,49,0,23,0,9,0
Jillion,org.jcvi.jillion.assembly.clc.cas.transform,FlowgramReadDataAdaptedIterator,36,0,0,0,13,0,5,0,5,0
Jillion,org.jcvi.jillion.assembly.clc.cas.transform,CasFileTransformationService.Visitor,72,141,1,5,10,46,4,9,3,7
Jillion,org.jcvi.jillion.assembly.clc.cas.transform,CasFileTransformationService,107,95,11,7,29,30,16,6,8,5
Jillion,org.jcvi.jillion.assembly.clc.cas.transform,ReadData.Builder,50,24,4,2,16,9,8,3,5,3
Jillion,org.jcvi.jillion.assembly.clc.cas.transform,ChromatDirFastaReadDataAdaptedIterator,119,0,6,0,27,0,8,0,5,0
Jillion,org.jcvi.jillion.assembly.clc.cas.transform,FastqReadDatadAdaptedIterator,36,0,0,0,13,0,5,0,5,0
Jillion,org.jcvi.jillion.assembly.clc.cas.transform,ReadData,0,38,0,0,0,12,0,6,0,6
Jillion,org.jcvi.jillion.assembly.clc.cas.transform,FastaReadDataAdaptedIterator,49,72,4,2,13,19,4,5,1,5
Jillion,org.jcvi.jillion.trace.chromat.abi,AbiChromatogramParser.GroupedTaggedRecords,6,139,1,12,2,32,1,11,0,3
Jillion,org.jcvi.jillion.trace.chromat.abi,AbiChromatogramBuilder,282,58,0,0,75,17,46,3,46,3
Jillion,org.jcvi.jillion.trace.chromat.abi,AbiChromatogramBuilder.AbiChromatogramBuilderVisitor,2,145,0,0,2,54,2,33,2,33
Jillion,org.jcvi.jillion.trace.chromat.abi,AbiChromatogramParser.InputStreamChromatogramParser,10,23,2,2,2,9,2,2,0,2
Jillion,org.jcvi.jillion.trace.chromat.abi,AbiChromatogramParser.AbiFileChromatogramParser,10,25,1,1,1,9,1,2,0,2
Jillion,org.jcvi.jillion.trace.chromat.abi,AbiChromatogramParser.SignalScalingFactor,0,89,0,6,0,18,0,7,0,3
Jillion,org.jcvi.jillion.trace.chromat.abi,AbiChromatogramParser,136,1490,34,65,21,273,33,60,1,40
Jillion,org.jcvi.jillion.trace.chromat.abi,AbiChromatogramParser.new Object() {...},10,69,0,0,0,2,0,1,0,1
Jillion,org.jcvi.jillion.trace.chromat.abi,AbiChromatogramParser.new ThreadLocal() {...},7,13,0,0,4,3,2,3,2,3
Jillion,org.jcvi.jillion.trace.chromat.abi,AbiChromatogramParser.Noise,0,80,0,6,0,16,0,7,0,3
Jillion,org.jcvi.jillion.trace.chromat.abi,AbiChromatogramBuilder.AbiChromatogramImp,28,55,4,4,11,17,7,8,3,8
Jillion,org.jcvi.jillion.trace.chromat.abi,AbiChromatogramParser.ShortTaggedDataRecordPropertyHandler,5,134,0,2,0,15,1,5,1,4
Jillion,org.jcvi.jillion.trim.lucy,LucyVectorSpliceTrimmerBuilder.LucyLikeVectorSpliceTrimmer,0,229,0,16,0,62,0,14,0,6
Jillion,org.jcvi.jillion.trim.lucy,LucyVectorSpliceTrimmerBuilder.SearchArea,5,15,1,1,1,6,1,1,0,1
Jillion,org.jcvi.jillion.trim.lucy,LucyQualityTrimmerBuilder,31,92,4,4,9,17,6,5,2,5
Jillion,org.jcvi.jillion.trim.lucy,LucyVectorSpliceTrimmerBuilder.AdaptiveSearchAreaBuilder,10,50,2,2,2,12,2,3,0,3
Jillion,org.jcvi.jillion.trim.lucy,LucyVectorSpliceTrimmerBuilder,26,62,0,0,9,22,2,4,2,4
Jillion,org.jcvi.jillion.trim.lucy,LucyQualityTrimmerBuilder.LucyLikeQualityTrimmerImpl,8,505,4,40,3,104,4,31,0,13
Jillion,org.jcvi.jillion.trim.lucy,LucyQualityTrimmerBuilder.Window,81,31,10,2,20,10,8,5,3,4
Jillion,org.jcvi.jillion.trim.lucy,LucyVectorSpliceTrimmerBuilder.AdaptiveSearchArea,7,76,2,10,2,18,2,8,0,4
Jillion,org.jcvi.jillion.internal.trace.chromat.abi,AbiUtil,9,48,0,0,3,6,2,4,2,4
Jillion,org.jcvi.jillion.assembly.util,CoverageMapStatsCollector,22,0,0,0,7,0,8,0,8,0
Jillion,org.jcvi.jillion.assembly.util,CoverageMapStats,100,21,12,0,23,8,9,4,3,4
Jillion,org.jcvi.jillion.assembly.util,CoverageMapFactory.RangeableStartComparator,0,25,0,4,0,8,0,4,0,2
Jillion,org.jcvi.jillion.assembly.util,CoverageMapCollectors,36,79,3,3,8,10,7,7,4,7
Jillion,org.jcvi.jillion.assembly.util,GapQualityValueStrategy,19,127,0,8,2,27,3,8,3,4
Jillion,org.jcvi.jillion.assembly.util,ReadFilter,0,4,0,0,0,1,0,1,0,1
Jillion,org.jcvi.jillion.assembly.util,CoverageMapFactory.RangeableEndComparator,0,25,0,4,0,8,0,4,0,2
Jillion,org.jcvi.jillion.assembly.util,CoverageMapFactory.CoverageRegionComparators.new Comparator() {...},0,23,0,4,0,8,0,4,0,2
Jillion,org.jcvi.jillion.assembly.util,CoverageMapFactory.CoverageRegionComparators.new Comparator() {...},0,23,0,4,0,8,0,4,0,2
Jillion,org.jcvi.jillion.assembly.util,CoverageMapFactory.CoverageMapImpl,154,291,23,37,28,63,18,29,4,13
Jillion,org.jcvi.jillion.assembly.util,ContigCoverageMapBuilder,42,117,9,13,8,35,8,9,1,5
Jillion,org.jcvi.jillion.assembly.util,CoverageMapFactory.CoverageRegionComparators,9,46,0,0,0,7,2,3,2,3
Jillion,org.jcvi.jillion.assembly.util,AbstractCoverageMapBuilder.MinCoverageSelectorComparator,9,26,0,0,0,4,2,3,2,3
Jillion,org.jcvi.jillion.assembly.util,CoverageStatsCombiner,35,98,1,5,6,18,2,7,1,5
Jillion,org.jcvi.jillion.assembly.util,CoverageMapFactory.Builder,5,260,0,22,0,64,0,23,0,12
Jillion,org.jcvi.jillion.assembly.util,SliceBuilder,54,382,4,28,9,78,6,29,3,16
Jillion,org.jcvi.jillion.assembly.util,GapQualityValueStrategy.new GapQualityValueStrategy() {...},0,9,0,0,0,2,0,2,0,2
Jillion,org.jcvi.jillion.assembly.util,GapQualityValueStrategy.new GapQualityValueStrategy() {...},0,14,0,2,0,4,0,3,0,2
Jillion,org.jcvi.jillion.assembly.util,DefaultCoverageRegion,20,113,0,12,7,27,2,14,2,8
Jillion,org.jcvi.jillion.assembly.util,SliceMapBuilder,42,101,6,10,8,28,6,7,0,5
Jillion,org.jcvi.jillion.assembly.util,DefaultCoverageRegion.Builder,54,186,4,18,8,46,7,24,3,17
Jillion,org.jcvi.jillion.assembly.util,CoverageMapFactory,3,106,0,4,1,20,1,9,1,7
Jillion,org.jcvi.jillion.assembly.util,AbstractCoverageMapBuilder,135,679,10,84,29,154,8,75,1,35
Jillion,org.jcvi.jillion.assembly.util,SliceMapBuilder.FilteredIterator,8,69,1,7,2,21,2,8,1,5
Jillion,org.jcvi.jillion.assembly.util,CoverageMapBuilder,20,73,4,8,4,22,4,7,0,5
Jillion,org.jcvi.jillion.assembly.util.consensus,ConicConsensusCaller,5,153,2,14,1,36,2,14,0,8
Jillion,org.jcvi.jillion.assembly.util.consensus,ChurchillWatermanConsensusCaller,0,12,0,0,0,4,0,2,0,2
Jillion,org.jcvi.jillion.assembly.util.consensus,ConsensusCollectors.DefaultQualityAssemblyConsensusCollector,52,0,2,0,16,0,6,0,5,0
Jillion,org.jcvi.jillion.assembly.util.consensus,ConsensusCollectors.AbstractAssemblyConsensusCollector,21,0,0,0,7,0,6,0,6,0
Jillion,org.jcvi.jillion.assembly.util.consensus,ConsensusUtil,7,25,0,0,2,1,1,1,1,1
Jillion,org.jcvi.jillion.assembly.util.consensus,NextGenReferenceConsensusRecaller.new SliceBuilder.SliceElementFilter() {...},0,11,0,2,0,2,0,3,0,2
Jillion,org.jcvi.jillion.assembly.util.consensus,NextGenReferenceConsensusRecaller.new SliceBuilder.SliceElementFilter() {...},0,11,0,2,0,2,0,3,0,2
Jillion,org.jcvi.jillion.assembly.util.consensus,ConsensusCollectors.DataStoreConsensusCaller,44,0,0,0,14,0,7,0,7,0
Jillion,org.jcvi.jillion.assembly.util.consensus,TigrAnnotationConsensusCaller,0,69,0,8,0,17,0,8,0,4
Jillion,org.jcvi.jillion.assembly.util.consensus,AbstractChurchillWatermanConsensusCaller,5,348,2,34,1,76,2,29,0,13
Jillion,org.jcvi.jillion.assembly.util.consensus,ConsensusCollectors.AbstractConsensusCollector,90,0,2,0,26,0,9,0,8,0
Jillion,org.jcvi.jillion.assembly.util.consensus,ConsensusCollectors.AssemblyDataStoreConsensusCollector,78,0,4,0,17,0,8,0,6,0
Jillion,org.jcvi.jillion.assembly.util.consensus,NoAmbiguityConsensusCaller,0,69,0,8,0,17,0,6,0,2
Jillion,org.jcvi.jillion.assembly.util.consensus,ConsensusCollectors,121,0,0,0,28,0,13,0,13,0
Jillion,org.jcvi.jillion.assembly.util.consensus,DefaultConsensusResult,60,39,10,6,15,13,11,3,3,3
Jillion,org.jcvi.jillion.assembly.util.consensus,ConsensusCollectors.UngappedConverterAssemblyConsensusCollector,15,0,0,0,4,0,2,0,2,0
Jillion,org.jcvi.jillion.assembly.util.consensus,NextGenReferenceConsensusRecaller,6,244,2,34,2,56,2,24,0,8
Jillion,org.jcvi.jillion.assembly.util.consensus,ConsensusProbabilities,17,173,1,11,2,32,2,11,1,6
Jillion,org.jcvi.jillion.assembly.util.consensus,ConsensusCombiner,145,0,14,0,29,0,14,0,7,0
Jillion,org.jcvi.jillion.assembly.util.consensus,AbstractChurchillWatermanConsensusCaller.LowestProbabilityComparator,0,16,0,0,0,4,0,2,0,2
Jillion,org.jcvi.jillion.assembly.util.consensus,AcgtnConsensusCaller,2,18,1,1,1,5,1,2,0,2
Jillion,org.jcvi.jillion.assembly.util.consensus,MostFrequentBasecallConsensusCaller,15,224,1,19,1,46,3,14,2,5
Jillion,org.jcvi.jillion.assembly.util.consensus,ConicConsensusCaller.MaxQualityStruct,0,9,0,0,0,4,0,1,0,1
Jillion,org.jcvi.jillion.experimental.plate,Well.IndexOrderComparator,0,23,0,0,0,5,0,2,0,2
Jillion,org.jcvi.jillion.experimental.plate,PlateFormat,51,58,6,0,6,12,6,6,3,6
Jillion,org.jcvi.jillion.experimental.plate,PlatePopulator,9,112,1,13,2,28,2,13,1,7
Jillion,org.jcvi.jillion.experimental.plate,Well,77,237,11,17,11,55,11,27,2,22
Jillion,org.jcvi.jillion.experimental.plate,Well.IndexOrder.new Well.IndexOrder() {...},0,138,0,8,0,25,0,9,0,5
Jillion,org.jcvi.jillion.experimental.plate,Well.IndexOrder.new Well.IndexOrder() {...},0,45,0,0,0,7,0,3,0,3
Jillion,org.jcvi.jillion.experimental.plate,Well.IndexOrder.new Well.IndexOrder() {...},0,48,0,0,0,7,0,3,0,3
Jillion,org.jcvi.jillion.experimental.plate,Well.IndexOrder.new Well.IndexOrder() {...},10,74,2,2,2,14,2,3,0,3
Jillion,org.jcvi.jillion.experimental.plate,Well.IndexOrder.new Well.IndexOrder() {...},0,93,0,4,0,16,0,5,0,3
Jillion,org.jcvi.jillion.experimental.plate,Well.IndexOrder,13,80,0,0,2,9,3,5,3,5
Jillion,org.jcvi.jillion.core.util,GenomeStatistics.NGStatBuilder,0,20,0,2,0,6,0,3,0,2
Jillion,org.jcvi.jillion.core.util,Pair,53,0,4,0,15,0,9,0,7,0
Jillion,org.jcvi.jillion.core.util,SingleThreadAdder,19,33,0,0,3,12,2,6,2,6
Jillion,org.jcvi.jillion.core.util,FileIterator,24,125,4,10,5,34,5,15,1,12
Jillion,org.jcvi.jillion.core.util,FileIterator.FileIteratorBuilder,14,72,3,5,5,18,3,6,1,4
Jillion,org.jcvi.jillion.core.util,FileIterator.BreadthFirstFileIteratorBuilder,0,10,0,0,0,3,0,2,0,2
Jillion,org.jcvi.jillion.core.util,UnsignedByteArray,4,60,2,8,2,18,2,9,0,6
Jillion,org.jcvi.jillion.core.util,FileIterator.FileNameComparator,0,9,0,0,0,2,0,2,0,2
Jillion,org.jcvi.jillion.core.util,JillionCollectors,37,33,0,0,6,5,7,4,7,4
Jillion,org.jcvi.jillion.core.util,FileIterator.NonRecursiveFileIteratorBuilder,0,10,0,0,0,3,0,2,0,2
Jillion,org.jcvi.jillion.core.util,ThrowingStreamImpl,221,59,2,2,38,15,39,10,38,9
Jillion,org.jcvi.jillion.core.util,MapUtil,25,28,4,4,5,5,5,2,1,2
Jillion,org.jcvi.jillion.core.util,GenomeStatistics.NgXCollector,4,62,0,6,0,15,1,11,1,8
Jillion,org.jcvi.jillion.core.util,MapValueComparator,26,120,7,9,7,30,6,10,0,8
Jillion,org.jcvi.jillion.core.util,FileIterator.BreadthFirstFileIterator,6,9,0,0,1,3,1,2,1,2
Jillion,org.jcvi.jillion.core.util,FileIterator.RecursiveFileIterator.DirectoryFileFilter,0,6,0,0,0,2,0,2,0,2
Jillion,org.jcvi.jillion.core.util,FileIterator.RecursiveFileIterator,2,78,1,7,1,20,1,10,0,7
Jillion,org.jcvi.jillion.core.util,MultipleFileFilter,0,34,0,4,0,10,0,5,0,3
Jillion,org.jcvi.jillion.core.util,ObjectsUtil,25,49,4,12,5,13,4,10,2,4
Jillion,org.jcvi.jillion.core.util,MultipleWrapper.ReturnPolicy,9,29,0,0,0,3,2,2,2,2
Jillion,org.jcvi.jillion.core.util,FileIterator.DepthFirstFileIterator,6,9,0,0,1,3,1,2,1,2
Jillion,org.jcvi.jillion.core.util,FileIterator.DepthFirstFileIteratorBuilder,0,10,0,0,0,3,0,2,0,2
Jillion,org.jcvi.jillion.core.util,JoinedStringBuilder,8,130,4,16,2,38,6,15,2,9
Jillion,org.jcvi.jillion.core.util,UnsignedIntArray,4,60,2,8,2,18,2,9,0,6
Jillion,org.jcvi.jillion.core.util,GenomeStatistics.NStatBuilder,0,24,0,2,0,6,0,3,0,2
Jillion,org.jcvi.jillion.core.util,DateUtil,24,105,3,11,9,24,5,8,3,3
Jillion,org.jcvi.jillion.core.util,FileIterator.NonHiddenFileFilter,1,9,1,1,0,2,1,2,0,2
Jillion,org.jcvi.jillion.core.util,GenomeStatistics.NXCollector,4,30,0,0,0,8,1,8,1,8
Jillion,org.jcvi.jillion.core.util,FileIterator.NullFileFilter,2,3,0,0,1,1,1,1,1,1
Jillion,org.jcvi.jillion.core.util,MultipleWrapper,4,121,0,12,2,24,0,12,0,6
Jillion,org.jcvi.jillion.core.util,FileIterator.NonDirectoryFileFilter,0,10,0,2,0,2,0,3,0,2
Jillion,org.jcvi.jillion.core.util,FileIterator.NonRecursiveFileIterator,6,6,0,0,1,2,1,1,1,1
Jillion,org.jcvi.jillion.core.util,UnsignedShortArray,4,60,2,8,2,18,2,9,0,6
Jillion,org.jcvi.jillion.core.util,ThrowingStream,11,22,0,0,4,11,1,4,1,4
Jillion,org.jcvi.jillion.core.util,GenomeStatistics,13,257,0,10,4,54,3,47,3,42
Jillion,org.jcvi.jillion.core.util,GenomeStatistics.AbstractStatBuilder,0,116,0,14,0,27,0,12,0,5
Jillion,org.jcvi.jillion.assembly.consed.nav,NavigationElement.Type,0,38,0,0,0,3,0,4,0,4
Jillion,org.jcvi.jillion.assembly.consed.nav,ConsedNavigationParser.new Object() {...},2,17,0,0,0,1,0,1,0,1
Jillion,org.jcvi.jillion.assembly.consed.nav,ConsedNavigationParser,26,217,4,23,7,67,5,13,1,3
Jillion,org.jcvi.jillion.assembly.consed.nav,ConsensusNavigationElement,0,38,0,2,0,9,0,5,0,4
Jillion,org.jcvi.jillion.assembly.consed.nav,ReadNavigationElement,29,13,2,0,5,4,3,2,2,2
Jillion,org.jcvi.jillion.assembly.consed.nav,AbstractNavigationElement,5,151,1,25,1,43,1,20,0,8
Jillion,org.jcvi.jillion.assembly.consed.nav,ConsedNavigationWriter,21,213,3,9,4,40,4,11,1,8
Jillion,org.jcvi.jillion.trace.chromat.scf,ScfChromatogramParser.ScfFileChromatogramParser,10,26,1,1,1,9,1,2,0,2
Jillion,org.jcvi.jillion.trace.chromat.scf,ScfChromatogramWriterBuilder.ScfChromatogramWriterImpl,26,31,1,1,6,12,2,3,1,3
Jillion,org.jcvi.jillion.trace.chromat.scf,ScfChromatogramBuilder.SCFChromatogramFileBuilderVisitor,6,91,0,0,2,32,1,16,1,16
Jillion,org.jcvi.jillion.trace.chromat.scf,ScfChromatogramBuilder,44,259,4,8,10,70,6,38,2,36
Jillion,org.jcvi.jillion.trace.chromat.scf,ScfDecoderException,0,9,0,0,0,4,0,2,0,2
Jillion,org.jcvi.jillion.trace.chromat.scf,ScfChromatogramParser,0,42,0,2,0,11,0,6,0,5
Jillion,org.jcvi.jillion.trace.chromat.scf,ScfChromatogramParser.InputStreamChromatogramParser,10,24,2,2,2,9,2,2,0,2
Jillion,org.jcvi.jillion.trace.chromat.scf,ScfChromatogramWriterBuilder,39,30,4,2,10,10,4,3,1,3
Jillion,org.jcvi.jillion.experimental.align,AlnFileParser.NoMementoCallback,0,18,0,0,0,7,0,4,0,4
Jillion,org.jcvi.jillion.experimental.align,AlnFileWriter.AminoAcidAlnFileWriter,94,0,14,0,16,0,11,0,4,0
Jillion,org.jcvi.jillion.experimental.align,AlnFileWriter.AlnFileWriterBuilder,15,53,3,3,3,18,3,6,0,6
Jillion,org.jcvi.jillion.experimental.align,AlnGroupVisitor.ConservationInfo,21,69,1,4,1,14,3,7,2,4
Jillion,org.jcvi.jillion.experimental.align,AlnFileParser.Group,6,151,4,24,1,42,4,13,0,3
Jillion,org.jcvi.jillion.experimental.align,GappedNucleotideAlignmentDataStore,3,15,0,0,2,4,1,2,1,2
Jillion,org.jcvi.jillion.experimental.align,GappedNucleotideAlignmentDataStore.GappedAlignmentDataStoreBuilder,1,96,1,5,1,26,2,10,1,8
Jillion,org.jcvi.jillion.experimental.align,AlnFileParser.FileBasedAlnParser.AlnFileVisitorCallback,2,25,0,0,1,7,1,3,1,3
Jillion,org.jcvi.jillion.experimental.align,AlnUtil,65,58,8,12,8,11,8,5,2,1
Jillion,org.jcvi.jillion.experimental.align,AlnFileWriter.NucleotideAlnFileWriterBuilder,0,13,0,0,0,3,0,2,0,2
Jillion,org.jcvi.jillion.experimental.align,AlnFileParser,11,180,4,22,1,43,3,18,0,8
Jillion,org.jcvi.jillion.experimental.align,AlnFileParser.FileBasedAlnParser.AlnFileMemento,62,12,10,0,17,4,7,2,2,2
Jillion,org.jcvi.jillion.experimental.align,AlnFileParser.InputStreamBasedAlnParser,5,35,0,0,1,9,1,4,1,4
Jillion,org.jcvi.jillion.experimental.align,AlnFileParser.FileBasedAlnParser,28,76,3,3,3,21,3,5,0,5
Jillion,org.jcvi.jillion.experimental.align,AlnFileWriter.AminoAcidAlnFileWriterBuilder,13,0,0,0,3,0,2,0,2,0
Jillion,org.jcvi.jillion.experimental.align,AlnFileWriter,35,430,6,40,5,91,7,24,1,7
Jillion,org.jcvi.jillion.experimental.align,AlnFileWriter.NucleotideAlnFileWriter,2,23,1,3,1,7,1,4,0,3
Jillion,org.jcvi.jillion.align.exonerate,Exonerate2.AlignmentFragment,3,0,0,0,1,0,1,0,1,0
Jillion,org.jcvi.jillion.align.exonerate,Exonerate,362,0,40,0,55,0,26,0,6,0
Jillion,org.jcvi.jillion.align.exonerate,Exonerate.FragmentType,58,0,0,0,5,0,4,0,4,0
Jillion,org.jcvi.jillion.align.exonerate,Exonerate2.FragmentInfo,3,0,0,0,1,0,1,0,1,0
Jillion,org.jcvi.jillion.align.exonerate,Exonerate2,362,0,40,0,55,0,26,0,6,0
Jillion,org.jcvi.jillion.align.exonerate,Exonerate.AlignmentFragment,3,0,0,0,1,0,1,0,1,0
Jillion,org.jcvi.jillion.align.exonerate,Exonerate.FragmentInfo,3,0,0,0,1,0,1,0,1,0
Jillion,org.jcvi.jillion.align.exonerate,Exonerate2.FragmentType,58,0,0,0,5,0,4,0,4,0
Jillion,org.jcvi.jillion.assembly.ca.asm,IndexedAsmFileUnitigDataStore.VisitorBuilder,12,42,2,2,7,14,8,8,6,8
Jillion,org.jcvi.jillion.assembly.ca.asm,AsmFileParser.FileBasedAsmFileParser,26,67,1,1,2,19,2,3,1,3
Jillion,org.jcvi.jillion.assembly.ca.asm,AsmFileParser.AsmMessageHandler.new AsmFileParser.AsmMessageHandler() {...},26,11,0,0,6,2,3,1,3,1
Jillion,org.jcvi.jillion.assembly.ca.asm,AsmFileParser.AsmMessageHandler.new AsmFileParser.AsmMessageHandler() {...},72,191,11,19,9,40,10,8,0,3
Jillion,org.jcvi.jillion.assembly.ca.asm,AsmFileParser.AsmMessageHandler.new AsmFileParser.AsmMessageHandler() {...},124,114,13,5,22,30,10,6,1,6
Jillion,org.jcvi.jillion.assembly.ca.asm,AsmFileParser.AsmMessageHandler.new AsmFileParser.AsmMessageHandler() {...},26,11,0,0,6,2,3,1,3,1
Jillion,org.jcvi.jillion.assembly.ca.asm,AsmFileParser.AsmMessageHandler.new AsmFileParser.AsmMessageHandler() {...},49,11,2,0,11,2,3,1,2,1
Jillion,org.jcvi.jillion.assembly.ca.asm,AsmFileParser.AsmMessageHandler.new AsmFileParser.AsmMessageHandler() {...},37,96,6,4,5,21,5,4,0,4
Jillion,org.jcvi.jillion.assembly.ca.asm,AsmFileParser.AsmMessageHandler.new AsmFileParser.AsmMessageHandler() {...},27,11,0,0,6,2,3,1,3,1
Jillion,org.jcvi.jillion.assembly.ca.asm,AsmFileParser.AsmMessageHandler.new AsmFileParser.AsmMessageHandler() {...},90,169,8,14,13,40,8,8,0,5
Jillion,org.jcvi.jillion.assembly.ca.asm,AsmFileParser.AsmMessageHandler.new AsmFileParser.AsmMessageHandler() {...},84,168,7,7,8,39,7,7,0,7
Jillion,org.jcvi.jillion.assembly.ca.asm,IndexedAsmFileUnitigDataStore.ValidRangeVisitor,9,43,1,1,7,16,7,8,6,8
Jillion,org.jcvi.jillion.assembly.ca.asm,IndexedAsmFileUnitigDataStore.UnitigReadIdCollector,16,34,2,2,10,11,10,6,8,6
Jillion,org.jcvi.jillion.assembly.ca.asm,DefaultAsmAssembledRead.IllegalReAbacus,23,0,0,0,4,0,1,0,1,0
Jillion,org.jcvi.jillion.assembly.ca.asm,AsmFileParser.IdTuple,0,9,0,0,0,4,0,1,0,1
Jillion,org.jcvi.jillion.assembly.ca.asm,AsmVisitor.OverlapStatus,135,0,4,0,19,0,9,0,7,0
Jillion,org.jcvi.jillion.assembly.ca.asm,IndexedAsmFileContigDataStore.VisitorBuilder,12,42,2,2,7,14,8,8,6,8
Jillion,org.jcvi.jillion.assembly.ca.asm,DefaultAsmAssembledRead.Builder,187,92,18,0,52,23,31,12,22,12
Jillion,org.jcvi.jillion.assembly.ca.asm,AsmFileParser.VariantRecordImpl,147,0,24,0,38,0,20,0,8,0
Jillion,org.jcvi.jillion.assembly.ca.asm,DefaultAsmContig.DefaultAsmContigBuilder.new Iterator() {...},33,0,0,0,5,0,4,0,4,0
Jillion,org.jcvi.jillion.assembly.ca.asm,IndexedAsmFileUnitigDataStore.SingleContigVisitorBuilder,14,34,1,1,9,10,9,6,8,6
Jillion,org.jcvi.jillion.assembly.ca.asm,AsmFileParser.CallBack,0,11,0,0,0,5,0,2,0,2
Jillion,org.jcvi.jillion.assembly.ca.asm,IndexedAsmFileContigDataStore.ContigReadIdCollector.new AsmContigVisitor() {...},2,21,0,0,2,6,2,4,2,4
Jillion,org.jcvi.jillion.assembly.ca.asm,AsmVisitor.UnitigLayoutType,20,115,1,3,2,17,3,6,2,5
Jillion,org.jcvi.jillion.assembly.ca.asm,IndexedAsmFileContigDataStore.SingleContigVisitorBuilder,16,33,1,1,10,9,10,5,9,5
Jillion,org.jcvi.jillion.assembly.ca.asm,AsmFileParser.ReadMapping,94,220,9,15,11,57,11,12,2,9
Jillion,org.jcvi.jillion.assembly.ca.asm,DefaultAsmContigDataStore.VisitorBuilder.new AbstractAsmContigBuilder() {...},0,24,0,0,0,3,0,2,0,2
Jillion,org.jcvi.jillion.assembly.ca.asm,IndexedAsmFileUnitigDataStore.new StreamingIterator() {...},35,0,0,0,8,0,5,0,5,0
Jillion,org.jcvi.jillion.assembly.ca.asm,IndexedAsmFileUnitigDataStore.SingleContigVisitorBuilder.new AbstractAsmUnitigBuilder() {...},0,22,0,0,0,4,0,2,0,2
Jillion,org.jcvi.jillion.assembly.ca.asm,AsmFileParser.OffsetMemento,0,9,0,0,0,4,0,2,0,2
Jillion,org.jcvi.jillion.assembly.ca.asm,IndexedAsmFileUnitigDataStore.UnitigReadIdCollector.new AsmUnitigVisitor() {...},1,20,0,0,1,5,1,3,1,3
Jillion,org.jcvi.jillion.assembly.ca.asm,IndexedAsmFileUnitigDataStore,51,89,2,2,14,25,8,5,6,5
Jillion,org.jcvi.jillion.assembly.ca.asm,DefaultAsmUnitigDataStore.VisitorBuilder.new AbstractAsmUnitigBuilder() {...},0,23,0,0,0,3,0,2,0,2
Jillion,org.jcvi.jillion.assembly.ca.asm,AsmVisitor.OverlapType.new AsmVisitor.OverlapType() {...},9,0,0,0,2,0,2,0,2,0
Jillion,org.jcvi.jillion.assembly.ca.asm,AsmFileParser.ContigUnitigMapping,86,178,7,11,8,45,9,10,2,8
Jillion,org.jcvi.jillion.assembly.ca.asm,AsmFileParser.FileBasedAsmFileParser.new AsmFileParser.ParserState() {...},0,17,0,0,0,2,0,2,0,2
Jillion,org.jcvi.jillion.assembly.ca.asm,AsmFileParser.FileBasedAsmFileParser.new AsmFileParser.ParserState() {...},0,17,0,0,0,2,0,2,0,2
Jillion,org.jcvi.jillion.assembly.ca.asm,AsmFileParser.ContigVariant,398,0,20,0,74,0,26,0,16,0
Jillion,org.jcvi.jillion.assembly.ca.asm,AsmFileContigDataStoreBuilder,103,39,11,5,23,11,13,3,5,2
Jillion,org.jcvi.jillion.assembly.ca.asm,AsmFileParser,62,75,7,7,11,24,8,10,2,9
Jillion,org.jcvi.jillion.assembly.ca.asm,DefaultAsmAssembledRead,81,60,17,1,22,16,13,12,4,12
Jillion,org.jcvi.jillion.assembly.ca.asm,IndexedAsmFileContigDataStore.ValidRangeVisitor,9,43,1,1,7,16,7,8,6,8
[...]
Jillion,org.jcvi.jillion.assembly.clc.cas,CasAlignmentType,5,96,0,2,0,14,1,6,1,5
Jillion,org.jcvi.jillion.assembly.clc.cas,CasFileParser.CasNumberParserStrategy,40,52,2,5,2,8,4,5,2,3
Jillion,org.jcvi.jillion.assembly.clc.cas,DefaultCasMatch,210,43,32,0,41,14,25,5,9,5
Jillion,org.jcvi.jillion.assembly.clc.cas,DefaultCasAlignment.Builder,29,130,3,9,6,35,4,10,1,7
Jillion,org.jcvi.jillion.assembly.clc.cas,ReAlignReads,50,234,5,27,10,56,7,14,2,3
Jillion,org.jcvi.jillion.assembly.clc.cas,CasScoreType,5,96,0,2,0,14,1,6,1,5
Jillion,org.jcvi.jillion.assembly.clc.cas,CasAlignmentScoreBuilder,2,80,1,1,1,22,1,11,0,11
Jillion,org.jcvi.jillion.assembly.clc.cas,ReadFileType,5,86,1,9,0,14,2,8,1,4
Jillion,org.jcvi.jillion.assembly.clc.cas,AbstractAlignedReadCasVisitor,54,115,5,9,12,30,8,4,3,2
Jillion,org.jcvi.jillion.assembly.clc.cas,CasGappedReferenceDataStoreBuilderVisitor,50,210,3,13,9,61,5,19,2,14
Jillion,org.jcvi.jillion.assembly.clc.cas,CasFileInfoValidator,332,88,53,9,34,19,34,5,4,3
Jillion,org.jcvi.jillion.assembly.clc.cas,DefaultCasFileInfo,22,24,0,0,1,8,1,4,1,4
Jillion,org.jcvi.jillion.assembly.clc.cas,CasFileInfoValidator.new Object() {...},3,23,0,0,0,1,0,1,0,1
Jillion,org.jcvi.jillion.assembly.clc.cas,CasAlignmentRegionType,5,53,0,0,0,5,1,3,1,3
Jillion,org.jcvi.jillion.assembly.clc.cas,CasFileParser,78,578,18,44,11,133,19,26,1,13
Jillion,org.jcvi.jillion.assembly.clc.cas,AbstractCasFileVisitor,3,13,0,0,3,10,3,10,3,10
Jillion,org.jcvi.jillion.assembly.clc.cas,CasUtil,22,114,4,10,4,26,5,13,1,10
Jillion,org.jcvi.jillion.assembly.clc.cas,DefaultCasScoringScheme,31,12,0,0,4,5,4,1,4,1
Jillion,org.jcvi.jillion.assembly.clc.cas,DefaultCasAlignmentScore,71,27,0,0,9,10,9,1,9,1
Jillion,org.jcvi.jillion.assembly.clc.cas,CasFileVisitorAdapter,0,77,0,2,0,29,0,15,0,14
Jillion,org.jcvi.jillion.assembly.clc.cas,DefaultCasColorSpaceAlignmentScore,52,9,0,0,10,4,10,1,10,1
Jillion,org.jcvi.jillion.assembly.clc.cas,AbstractReadCasVisitor.new Trace() {...},3,21,0,0,1,3,1,3,1,3
Jillion,org.jcvi.jillion.assembly.clc.cas,AbstractReadCasVisitor.new Object() {...},3,23,0,0,0,1,0,1,0,1
Jillion,org.jcvi.jillion.assembly.clc.cas,AbstractReadCasVisitor.InterleavedStreamingIterators,61,0,4,0,14,0,7,0,5,0
Jillion,org.jcvi.jillion.assembly.clc.cas,AbstractReadCasVisitor,260,180,27,11,43,43,24,11,6,9
Jillion,org.jcvi.jillion.assembly.clc.cas,PhaseChangeCasAlignmentRegion,2,52,0,8,1,19,1,9,1,5
Jillion,org.jcvi.jillion.assembly.clc.cas,DefaultCasAlignment,31,128,2,14,3,32,3,13,1,7
Jillion,org.jcvi.jillion.assembly.clc.cas,CasGappedReferenceDataStoreBuilderVisitor.CasGappedReferenceDataStoreImpl,14,79,1,3,4,17,4,10,3,9
Jillion,org.jcvi.jillion.assembly.clc.cas,CasMatchVisitorAdapter,0,29,0,2,0,12,0,6,0,5
Jillion,org.jcvi.jillion.assembly.clc.cas,CasGappedReferenceDataStoreBuilderVisitor.MaxRefGapVisitor,2,146,2,22,2,33,3,17,1,7
Jillion,org.jcvi.jillion.assembly.clc.cas,CasFileParser.CasNumberParserStrategy.new CasFileParser.CasNumberParserStrategy() {...},0,9,0,0,0,2,0,2,0,2
Jillion,org.jcvi.jillion.assembly.clc.cas,CasFileParser.CasNumberParserStrategy.new CasFileParser.CasNumberParserStrategy() {...},0,10,0,0,0,2,0,2,0,2
Jillion,org.jcvi.jillion.assembly.clc.cas,CasFileParser.CasVisitorCallbackImpl,12,13,0,0,4,3,3,2,3,2
Jillion,org.jcvi.jillion.internal.trace.chromat.ztr.chunk,ChunkType,5,132,0,4,0,18,1,7,1,5
Jillion,org.jcvi.jillion.internal.trace.chromat.ztr.chunk,ChunkException,5,4,0,0,2,2,1,1,1,1
Jillion,org.jcvi.jillion.internal.trace.chromat.ztr.chunk,Chunk.new Chunk() {...},0,454,1,19,0,86,1,18,0,9
Jillion,org.jcvi.jillion.internal.trace.chromat.ztr.chunk,Chunk.new Chunk() {...},13,106,3,7,1,24,3,6,0,4
Jillion,org.jcvi.jillion.internal.trace.chromat.ztr.chunk,Chunk.new Chunk() {...},34,123,3,5,4,33,2,7,0,5
Jillion,org.jcvi.jillion.internal.trace.chromat.ztr.chunk,Chunk.new Chunk() {...},0,245,0,10,0,55,0,10,0,5
Jillion,org.jcvi.jillion.internal.trace.chromat.ztr.chunk,Chunk.new Chunk() {...},0,107,0,6,0,24,0,7,0,4
Jillion,org.jcvi.jillion.internal.trace.chromat.ztr.chunk,Chunk.new Chunk() {...},0,96,0,2,0,20,0,5,0,4
Jillion,org.jcvi.jillion.internal.trace.chromat.ztr.chunk,Chunk,66,220,7,7,16,50,9,12,4,10
Jillion,org.jcvi.jillion.core.residue.aa,IupacTranslationTables.new IupacTranslationTables() {...},0,20,0,0,0,4,0,2,0,2
Jillion,org.jcvi.jillion.core.residue.aa,IupacTranslationTables.new IupacTranslationTables() {...},0,38,0,0,0,7,0,2,0,2
Jillion,org.jcvi.jillion.core.residue.aa,IupacTranslationTables.new IupacTranslationTables() {...},0,120,0,0,0,18,0,2,0,2
Jillion,org.jcvi.jillion.core.residue.aa,IupacTranslationTables.new IupacTranslationTables() {...},0,52,0,0,0,9,0,2,0,2
Jillion,org.jcvi.jillion.core.residue.aa,IupacTranslationTables.new IupacTranslationTables() {...},0,133,0,0,0,23,0,2,0,2
Jillion,org.jcvi.jillion.core.residue.aa,TranslationVisitor.FoundStartResult,9,39,0,0,0,4,2,2,2,2
Jillion,org.jcvi.jillion.core.residue.aa,ProteinSequenceBuilder.IteratorImpl,4,37,0,2,1,6,1,4,1,3
Jillion,org.jcvi.jillion.core.residue.aa,CompactProteinSequenceCodec,9,141,0,8,0,30,2,10,2,6
Jillion,org.jcvi.jillion.core.residue.aa,ProteinSequenceBuilder,83,505,10,36,17,113,14,47,5,33
Jillion,org.jcvi.jillion.core.residue.aa,CompactProteinSequence,14,5,0,0,3,2,3,1,3,1
Jillion,org.jcvi.jillion.core.residue.aa,AminoAcid,40,488,3,3,6,51,4,13,2,12
Jillion,org.jcvi.jillion.core.residue.aa,UngappedProteinSequence,9,15,0,0,3,7,3,6,3,6
Jillion,org.jcvi.jillion.core.residue.aa,TranslationVisitor.FoundStopResult,9,29,0,0,0,3,2,2,2,2
Jillion,org.jcvi.jillion.core.residue.aa,ProteinSequence,4,6,0,0,1,1,1,1,1,1
Jillion,org.jcvi.jillion.core.residue.aa,IupacTranslationTables,59,418,12,38,10,91,15,30,3,17
Jillion,org.jcvi.jillion.core.residue.aa,AbstractProteinSequence.ProteinSequenceProxy,0,14,0,0,0,4,0,2,0,2
Jillion,org.jcvi.jillion.core.residue.aa,Codon.Builder,10,36,2,2,2,11,2,4,0,4
Jillion,org.jcvi.jillion.core.residue.aa,AminoAcid.new AminoAcid() {...},2,9,0,0,1,1,1,1,1,1
Jillion,org.jcvi.jillion.core.residue.aa,Codon,3,24,0,0,1,9,1,4,1,4
Jillion,org.jcvi.jillion.core.residue.aa,AbstractProteinSequence.new EncodedSequence() {...},6,8,0,0,1,1,1,1,1,1
Jillion,org.jcvi.jillion.core.residue.aa,AbstractProteinSequence,23,142,4,14,5,39,6,18,3,12
Jillion,org.jcvi.jillion.align.pairwise,NucleotideNeedlemanWunschAligner,0,22,0,0,0,5,0,2,0,2
Jillion,org.jcvi.jillion.align.pairwise,AbstractNeedlemanWunschAligner,0,96,0,6,0,22,0,9,0,6
Jillion,org.jcvi.jillion.align.pairwise,AbstractPairwiseSequenceAlignment,188,112,23,13,41,28,20,11,2,11
Jillion,org.jcvi.jillion.align.pairwise,ProteinSmithWatermanAligner,0,32,0,0,0,6,0,3,0,3
Jillion,org.jcvi.jillion.align.pairwise,NucleotidePairwiseSequenceAlignmentImpl,62,11,1,1,23,4,3,2,2,2
Jillion,org.jcvi.jillion.align.pairwise,AbstractPairwiseAligner.TracebackDirection,5,53,0,0,0,5,1,3,1,3
Jillion,org.jcvi.jillion.align.pairwise,PairwiseAlignmentBuilder,30,310,7,17,8,62,7,18,1,12
Jillion,org.jcvi.jillion.align.pairwise,AbstractPairwiseAligner.StartPoint,36,27,2,0,4,10,3,5,2,5
Jillion,org.jcvi.jillion.align.pairwise,AbstractSmithWatermanAligner,9,88,0,8,2,18,1,10,1,6
Jillion,org.jcvi.jillion.align.pairwise,NucleotideSmithWatermanAligner,0,32,0,0,0,6,0,3,0,3
Jillion,org.jcvi.jillion.align.pairwise,AbstractPairwiseAligner.TraceBackMatrix,3,266,0,16,1,36,1,14,1,6
Jillion,org.jcvi.jillion.align.pairwise,PairwiseSequenceAlignmentWrapper,90,50,16,0,22,14,11,11,3,11
Jillion,org.jcvi.jillion.align.pairwise,AbstractPairwiseAligner.WalkBack,64,17,11,1,20,7,8,3,2,3
Jillion,org.jcvi.jillion.align.pairwise,ResiduePairwiseStrategy.ProteinPairwiseStrategy,0,24,0,0,0,6,0,6,0,6
Jillion,org.jcvi.jillion.align.pairwise,ResiduePairwiseStrategy,0,7,0,0,0,3,0,3,0,3
Jillion,org.jcvi.jillion.align.pairwise,AbstractPairwiseAligner.new Object() {...},4,29,0,0,0,1,0,1,0,1
Jillion,org.jcvi.jillion.align.pairwise,AbstractPairwiseAligner,42,593,7,38,7,114,7,29,0,11
Jillion,org.jcvi.jillion.align.pairwise,ProteinPairwiseSequenceAlignmentImpl,5,11,1,1,2,4,2,2,1,2
Jillion,org.jcvi.jillion.align.pairwise,ProteinNeedlemanWunschAligner,0,22,0,0,0,5,0,2,0,2
Jillion,org.jcvi.jillion.align.pairwise,ResiduePairwiseStrategy.NucleotidePairwiseStrategy,0,23,0,0,0,6,0,6,0,6
Jillion,org.jcvi.jillion.internal.trace.chromat.ztr,DefaultZTRChromatogramWriterBuilder.DefaultZTRChromatogramWriter,12,79,1,1,3,20,1,3,0,3
Jillion,org.jcvi.jillion.internal.trace.chromat.ztr,DefaultZTRChromatogramWriterBuilder,3,83,0,0,1,19,1,7,1,7
Jillion,org.jcvi.jillion.internal.trace.chromat.ztr,DefaultZTRChromatogramWriterBuilder.ChunkEncoder,15,64,0,2,2,16,0,3,0,2
Jillion,org.jcvi.jillion.internal.trace.chromat.ztr,DefaultZTRChromatogramWriterBuilder.ChunkEncoderBuilder,10,91,2,2,2,19,2,8,0,8
Jillion,org.jcvi.jillion.internal.trace.chromat.ztr,DefaultZTRChromatogramWriterBuilder.DataEncoder,5,23,1,1,1,8,1,3,0,3
Jillion,org.jcvi.jillion.internal.trace.chromat.ztr,ZTRChromatogramImpl,8,14,0,0,3,5,2,3,2,3
Jillion,org.jcvi.jillion.internal.trace.chromat.ztr,ZTRUtil,3,125,0,2,2,18,1,5,1,4
Jillion,org.jcvi.jillion.internal.trace.chromat.ztr,IOLibLikeZtrChromatogramWriter,9,70,0,0,0,25,2,3,2,3
Jillion,org.jcvi.jillion.internal.core.residue,AbstractResidueSequence,0,141,0,14,0,29,0,14,0,7
Jillion,org.jcvi.jillion.internal.sam,SamUtil.SamDateFormat,6,55,1,3,1,10,1,4,0,3
Jillion,org.jcvi.jillion.internal.sam,SamUtil,33,1241,14,72,7,220,15,53,1,24
Jillion,org.jcvi.jillion.internal.sam,SamUtil.new ThreadLocal() {...},7,12,0,0,4,3,2,3,2,3
Jillion,org.jcvi.jillion.maq.bfq,BfqFileParser.BfqInputStreamParser,46,0,2,0,13,0,8,0,7,0
Jillion,org.jcvi.jillion.maq.bfq,BfqFileWriterBuilder,10,30,2,2,2,10,2,3,0,3
Jillion,org.jcvi.jillion.maq.bfq,BfqFileParser.BfqFileBasedParser,0,34,0,0,0,6,0,4,0,4
Jillion,org.jcvi.jillion.maq.bfq,BfqFileParser.BfqMemento,0,9,0,0,0,4,0,1,0,1
Jillion,org.jcvi.jillion.maq.bfq,BfqFileParser.NoMementoCallback,16,0,0,0,5,0,3,0,3,0
Jillion,org.jcvi.jillion.maq.bfq,BfqFileWriterBuilder.BinaryFastqFileWriter,6,181,0,11,2,43,1,14,1,7
Jillion,org.jcvi.jillion.maq.bfq,BfqFileParser.Callback,0,38,0,0,0,11,0,6,0,6
Jillion,org.jcvi.jillion.maq.bfq,BfqFileDataStoreBuilder,16,41,0,0,6,12,3,6,3,6
Jillion,org.jcvi.jillion.maq.bfq,BfqFileWriterBuilder.new Object() {...},4,29,0,0,0,1,0,1,0,1
Jillion,org.jcvi.jillion.maq.bfq,BfqFileParser,64,232,10,25,12,70,15,17,5,8
Jillion,org.jcvi.jillion.experimental.ncbi.submit.assemblyArchive,AssemblyArchiveType,58,0,0,0,5,0,4,0,4,0
Jillion,org.jcvi.jillion.experimental.ncbi.submit.assemblyArchive,AssemblyArchiveWriterBuilder,54,0,6,0,18,0,7,0,4,0
Jillion,org.jcvi.jillion.experimental.ncbi.submit.assemblyArchive,AssemblyArchiveWriterBuilder.Writer,1172,0,52,0,225,0,50,0,24,0
Jillion,org.jcvi.jillion.experimental.ncbi.submit.assemblyArchive,AssemblyArchiveConformation,38,0,0,0,3,0,4,0,4,0
Jillion,org.jcvi.jillion.experimental.ncbi.submit.assemblyArchive,AssemblyArchiveWriterBuilder.ReadSorter,43,0,4,0,12,0,4,0,2,0
Jillion,org.jcvi.jillion.assembly.consed.phd,AbstractPhdVisitor.new PhdWholeReadItemVisitor() {...},1,28,0,0,1,6,1,3,1,3
Jillion,org.jcvi.jillion.assembly.consed.phd,AbstractPhdVisitor.new AbstractPhdReadTagVisitor() {...},0,21,0,0,0,3,0,2,0,2
Jillion,org.jcvi.jillion.assembly.consed.phd,DefaultPhdDataStore.DefaultPhdDataStoreBuilderVisitor.new AbstractPhdVisitor() {...},0,25,0,0,0,3,0,2,0,2
Jillion,org.jcvi.jillion.assembly.consed.phd,PhdBallIterator.1.new AbstractPhdVisitor() {...},0,25,0,0,0,4,0,2,0,2
Jillion,org.jcvi.jillion.assembly.consed.phd,PhdBallWriter,80,501,9,29,9,113,8,26,0,15
Jillion,org.jcvi.jillion.assembly.consed.phd,PhdBallIdIterator.new AbstractPhdBallVisitor() {...},0,18,1,1,0,4,1,2,0,2
Jillion,org.jcvi.jillion.assembly.consed.phd,PhdDirDataStore,240,0,30,0,60,0,30,0,15,0
Jillion,org.jcvi.jillion.assembly.consed.phd,AbstractPhdReadTagVisitor,1,64,0,2,1,19,1,9,1,8
Jillion,org.jcvi.jillion.assembly.consed.phd,DefaultPhdDataStore.DefaultPhdDataStoreBuilderVisitor,4,35,1,1,3,9,3,5,2,5
Jillion,org.jcvi.jillion.assembly.consed.phd,AbstractPhdBallVisitor,3,5,0,0,2,3,2,3,2,3
Jillion,org.jcvi.jillion.assembly.consed.phd,PhdDirDataStore.PhdFromIdIterator,125,0,14,0,33,0,13,0,6,0
Jillion,org.jcvi.jillion.assembly.consed.phd,PhdBallFileParser.FileBasedPhdBallParser,49,76,6,6,7,24,7,4,1,4
Jillion,org.jcvi.jillion.assembly.consed.phd,PhdBallIterator,16,31,0,0,3,11,0,3,0,3
Jillion,org.jcvi.jillion.assembly.consed.phd,ArtificialPhd,115,175,20,14,27,45,18,14,3,12
Jillion,org.jcvi.jillion.assembly.consed.phd,DefaultPhd,103,108,13,13,28,30,16,10,4,9
Jillion,org.jcvi.jillion.assembly.consed.phd,PhdBallIterator.new AbstractPhdBallVisitor() {...},2,19,1,1,1,3,1,2,0,2
Jillion,org.jcvi.jillion.assembly.consed.phd,IndexedPhdDataStore.BuilderVisitor,7,59,2,2,3,15,4,5,2,5
Jillion,org.jcvi.jillion.assembly.consed.phd,PhdBallFileParser.PhdBallVisitorMementoImpl,0,9,0,0,0,4,0,2,0,2
Jillion,org.jcvi.jillion.assembly.consed.phd,PhdFileDataStoreBuilder.new Object() {...},3,23,0,0,0,1,0,1,0,1
Jillion,org.jcvi.jillion.assembly.consed.phd,PhdUtil,20,29,0,0,6,6,2,4,2,4
Jillion,org.jcvi.jillion.assembly.consed.phd,TraceDirPhdDataStoreBuilder.TraceDirPhdDataStore.new StreamingIterator() {...},31,0,0,0,7,0,4,0,4,0
Jillion,org.jcvi.jillion.assembly.consed.phd,TraceDirPhdDataStoreBuilder.TraceDirPhdDataStore.new StreamingIterator() {...},33,0,0,0,8,0,4,0,4,0
Jillion,org.jcvi.jillion.assembly.consed.phd,PhdDirDataStore.new StreamingIterator() {...},35,0,0,0,9,0,5,0,5,0
Jillion,org.jcvi.jillion.assembly.consed.phd,PhdDirDataStore.new StreamingIterator() {...},29,0,0,0,7,0,5,0,5,0
Jillion,org.jcvi.jillion.assembly.consed.phd,IndexedPhdDataStore.new StreamingIterator() {...},35,0,0,0,9,0,5,0,5,0
Jillion,org.jcvi.jillion.assembly.consed.phd,PhdUtil.new ThreadLocal() {...},7,13,0,0,4,3,2,3,2,3
Jillion,org.jcvi.jillion.assembly.consed.phd,LargePhdballDataStore,73,120,12,10,18,41,11,10,2,8
Jillion,org.jcvi.jillion.assembly.consed.phd,LargePhdballDataStore.new StreamingIterator() {...},35,0,0,0,9,0,5,0,5,0
Jillion,org.jcvi.jillion.assembly.consed.phd,PhdBallFileParser.InputStreamBasedPhdBallParser,32,47,5,3,5,15,6,3,2,3
Jillion,org.jcvi.jillion.assembly.consed.phd,IndexedPhdDataStore,28,94,1,3,6,28,3,10,2,9
Jillion,org.jcvi.jillion.assembly.consed.phd,IndexedPhdDataStore.SinglePhdVisitor,22,22,2,2,2,6,2,2,0,2
Jillion,org.jcvi.jillion.assembly.consed.phd,PhdFileDataStoreBuilder,81,58,10,6,16,17,10,4,2,3
Jillion,org.jcvi.jillion.assembly.consed.phd,TraceDirPhdDataStoreBuilder.TraceDirPhdDataStore,135,0,10,0,33,0,15,0,10,0
Jillion,org.jcvi.jillion.assembly.consed.phd,PhdBallFileParser.NoMementoPhdBallVisitorCallbackImpl,11,6,0,0,4,3,3,1,3,1
Jillion,org.jcvi.jillion.assembly.consed.phd,DefaultPhdDataStore,3,28,0,0,1,8,1,2,1,2
Jillion,org.jcvi.jillion.assembly.consed.phd,IndexedPhdDataStore.SinglePhdVisitor.new AbstractPhdVisitor() {...},0,29,0,0,0,4,0,2,0,2
Jillion,org.jcvi.jillion.assembly.consed.phd,ReadPhdFileFilter,12,0,0,0,4,0,2,0,2,0
Jillion,org.jcvi.jillion.assembly.consed.phd,DefaultPhdWholeReadItem,37,34,10,6,11,12,9,3,1,3
Jillion,org.jcvi.jillion.assembly.consed.phd,TraceDirPhdDataStoreBuilder,44,0,0,0,13,0,6,0,6,0
Jillion,org.jcvi.jillion.assembly.consed.phd,DefaultPhdReadTag,163,112,35,19,31,33,27,10,2,8
Jillion,org.jcvi.jillion.assembly.consed.phd,PhdBallFileParser.MementoedPhdBallVisitorCallbackImpl,2,19,0,0,1,7,1,3,1,3
Jillion,org.jcvi.jillion.assembly.consed.phd,PhdBallIdIterator,16,31,0,0,3,11,0,3,0,3
Jillion,org.jcvi.jillion.assembly.consed.phd,PhdBallFileParser,55,527,30,86,20,149,28,46,0,16
Jillion,org.jcvi.jillion.assembly.consed.phd,AbstractPhdVisitor,23,125,3,9,4,28,4,9,1,6
Jillion,org.jcvi.jillion.assembly.consed.phd,DefaultPhdDataStore.Impl,0,4,0,0,0,2,0,1,0,1
Jillion,org.jcvi.jillion.assembly.consed.phd,PhdBuilder,49,332,3,19,9,66,3,20,1,11
Jillion,org.jcvi.jillion.assembly.consed.phd,PhdBallFileParser.ParserState,0,18,0,0,0,6,0,3,0,3
Jillion,org.jcvi.jillion.assembly.consed.phd,SinglePhdWriter,18,38,0,2,4,13,1,5,1,4
Jillion,org.jcvi.jillion.align,NucleotideSubstitutionMatrixBuilder,22,93,0,10,5,18,1,9,1,4
Jillion,org.jcvi.jillion.align,NucleotidePropertyFileScoringMatrixParser,35,34,7,1,5,10,5,5,1,5
Jillion,org.jcvi.jillion.align,NucleotideSubstitutionMatrixBuilder.NucleotideSubstitutionMatrixImpl,41,20,8,0,14,5,6,3,2,3
Jillion,org.jcvi.jillion.align,BlosumMatrices,10,56,0,10,4,19,1,12,1,7
Jillion,org.jcvi.jillion.align,AbstractSubstitutionMatrixFileParser,14,130,6,14,0,36,4,10,0,4
Jillion,org.jcvi.jillion.align,AminoAcidSubstitutionMatrixFileParser,35,34,7,1,5,10,5,5,1,5
Jillion,org.jcvi.jillion.align,NucleotideSubstitutionMatrices,10,22,0,0,4,9,1,4,1,4
Jillion,org.jcvi.jillion.internal,ResourceHelper,13,35,1,1,2,10,2,5,1,5
Jillion,org.jcvi.jillion.sam.attribute,ChainedSamAttributeValidatorBuilder.ChainedSamAttributeValidator,0,27,0,2,0,7,0,3,0,2
Jillion,org.jcvi.jillion.sam.attribute,NoDuplicateAttributeValidator,9,40,0,2,0,5,2,4,2,3
Jillion,org.jcvi.jillion.sam.attribute,SamAttributeKeyFactory,27,48,2,4,4,12,3,5,1,4
Jillion,org.jcvi.jillion.sam.attribute,SamAttributeType.new SamAttributeType() {...},110,12,7,1,22,3,9,2,5,2
Jillion,org.jcvi.jillion.sam.attribute,SamAttributeType.new SamAttributeType() {...},98,8,6,0,20,1,9,1,6,1
Jillion,org.jcvi.jillion.sam.attribute,SamAttributeType.new SamAttributeType() {...},114,8,8,0,24,1,10,1,6,1
Jillion,org.jcvi.jillion.sam.attribute,SamAttributeType.new SamAttributeType() {...},98,8,6,0,20,1,9,1,6,1
Jillion,org.jcvi.jillion.sam.attribute,SamAttribute,192,74,9,9,38,22,33,6,24,6
Jillion,org.jcvi.jillion.sam.attribute,ReservedSamAttributeKeys.new ReservedSamAttributeKeys() {...},0,53,0,6,0,12,0,5,0,2
Jillion,org.jcvi.jillion.sam.attribute,ReservedSamAttributeKeys.new ReservedSamAttributeKeys() {...},0,29,0,2,0,4,0,3,0,2
Jillion,org.jcvi.jillion.sam.attribute,ReservedSamAttributeKeys.new ReservedSamAttributeKeys() {...},0,29,0,2,0,4,0,3,0,2
Jillion,org.jcvi.jillion.sam.attribute,ReservedSamAttributeKeys.new ReservedSamAttributeKeys() {...},0,51,0,6,0,11,0,5,0,2
Jillion,org.jcvi.jillion.sam.attribute,InvalidValueTypeException,9,0,0,0,4,0,2,0,2,0
Jillion,org.jcvi.jillion.sam.attribute,ReservedSamAttributeKeys,17,637,1,3,1,60,2,11,1,10
Jillion,org.jcvi.jillion.sam.attribute,InvalidAttributeException,5,4,0,0,2,2,1,1,1,1
Jillion,org.jcvi.jillion.sam.attribute,SamAttributeType,289,262,74,8,94,41,89,10,26,8
Jillion,org.jcvi.jillion.sam.attribute,SamAttributeType.new SamAttributeType() {...},88,7,12,0,21,1,13,1,7,1
Jillion,org.jcvi.jillion.sam.attribute,SamAttributeType.new SamAttributeType() {...},84,46,14,4,18,12,11,6,3,5
Jillion,org.jcvi.jillion.sam.attribute,SamAttributeType.new SamAttributeType() {...},156,7,22,0,32,1,18,1,7,1
Jillion,org.jcvi.jillion.sam.attribute,SamAttributeType.new SamAttributeType() {...},42,7,2,0,12,1,8,1,7,1
Jillion,org.jcvi.jillion.sam.attribute,SamAttributeType.new SamAttributeType() {...},16,29,3,1,5,8,4,5,2,5
Jillion,org.jcvi.jillion.sam.attribute,SamAttributeType.new SamAttributeType() {...},112,7,8,0,20,1,10,1,6,1
Jillion,org.jcvi.jillion.sam.attribute,SamAttributeType.new SamAttributeType() {...},97,8,6,0,20,1,9,1,6,1
Jillion,org.jcvi.jillion.sam.attribute,SamAttributeType.new SamAttributeType() {...},111,8,8,0,23,1,10,1,6,1
Jillion,org.jcvi.jillion.sam.attribute,SamAttributeType.new SamAttributeType() {...},98,8,6,0,20,1,9,1,6,1
Jillion,org.jcvi.jillion.sam.attribute,ReservedAttributeValidator,9,31,1,1,0,6,3,3,2,3
Jillion,org.jcvi.jillion.sam.attribute,SamAttributeValidator,0,18,0,0,0,5,0,2,0,2
Jillion,org.jcvi.jillion.sam.attribute,ChainedSamAttributeValidatorBuilder,0,39,0,4,0,12,0,6,0,4
Jillion,org.jcvi.jillion.sam.attribute,SamAttributeKey,44,56,10,2,11,15,6,6,0,6
Jillion,org.jcvi.jillion.sam.index,BamIndex.SamHeaderParser,0,12,0,0,0,5,0,3,0,3
Jillion,org.jcvi.jillion.sam.index,BamIndex,96,89,14,2,26,21,12,6,5,5
Jillion,org.jcvi.jillion.sam.index,BamIndexFileWriterBuilder,28,126,0,10,4,27,2,8,2,3
Jillion,org.jcvi.jillion.sam.index,Chunk,59,44,7,7,13,15,9,4,2,4
Jillion,org.jcvi.jillion.sam.index,BamIndexFileWriterBuilder.BamIndexSamVisitor,1,46,1,3,1,11,2,6,1,5
