<?xml version="1.0" encoding="UTF-8"?>
<testsuite name="org.jcvi.jillion.SlowUnitTests" time="182.018" tests="30" errors="0" skipped="0" failures="0">
  <properties>
[...]
</properties>
  <testcase name="useMementoToStartFromBeginning[0]" classname="org.jcvi.jillion.sam.TestBamParserImplementations" time="11.129"/>
  <testcase name="lastReferenceOnly[0]" classname="org.jcvi.jillion.sam.TestBamParserImplementations" time="9.212"/>
  <testcase name="innerReferenceOnly[0]" classname="org.jcvi.jillion.sam.TestBamParserImplementations" time="8.898"/>
  <testcase name="fromAll[0]" classname="org.jcvi.jillion.sam.TestBamParserImplementations" time="9.766"/>
  <testcase name="canAccept[0]" classname="org.jcvi.jillion.sam.TestBamParserImplementations" time="0"/>
  <testcase name="tryToParseUnknownReferenceShouldThrowIllegalArgException[0]" classname="org.jcvi.jillion.sam.TestBamParserImplementations" time="0.001"/>
  <testcase name="useMementoToStartFrom10000thRecord[0]" classname="org.jcvi.jillion.sam.TestBamParserImplementations" time="9.675"/>
  <testcase name="firstReferenceOnly[0]" classname="org.jcvi.jillion.sam.TestBamParserImplementations" time="8.902"/>
  <testcase name="firstReferenceOnlyBeginningOfAlignment[0]" classname="org.jcvi.jillion.sam.TestBamParserImplementations" time="9.607"/>
  <testcase name="nullVisitorShouldThrowNPE[0]" classname="org.jcvi.jillion.sam.TestBamParserImplementations" time="0"/>
  <testcase name="useMementoToStartFromBeginning[1]" classname="org.jcvi.jillion.sam.TestBamParserImplementations" time="9.71"/>
  <testcase name="lastReferenceOnly[1]" classname="org.jcvi.jillion.sam.TestBamParserImplementations" time="8.939"/>
  <testcase name="innerReferenceOnly[1]" classname="org.jcvi.jillion.sam.TestBamParserImplementations" time="9.337"/>
  <testcase name="fromAll[1]" classname="org.jcvi.jillion.sam.TestBamParserImplementations" time="9.554"/>
  <testcase name="canAccept[1]" classname="org.jcvi.jillion.sam.TestBamParserImplementations" time="0"/>
  <testcase name="tryToParseUnknownReferenceShouldThrowIllegalArgException[1]" classname="org.jcvi.jillion.sam.TestBamParserImplementations" time="0"/>
  <testcase name="useMementoToStartFrom10000thRecord[1]" classname="org.jcvi.jillion.sam.TestBamParserImplementations" time="9.429"/>
  <testcase name="firstReferenceOnly[1]" classname="org.jcvi.jillion.sam.TestBamParserImplementations" time="9.17"/>
  <testcase name="firstReferenceOnlyBeginningOfAlignment[1]" classname="org.jcvi.jillion.sam.TestBamParserImplementations" time="8.904"/>
  <testcase name="nullVisitorShouldThrowNPE[1]" classname="org.jcvi.jillion.sam.TestBamParserImplementations" time="0"/>
  <testcase name="useMementoToStartFromBeginning[2]" classname="org.jcvi.jillion.sam.TestBamParserImplementations" time="9.844"/>
  <testcase name="lastReferenceOnly[2]" classname="org.jcvi.jillion.sam.TestBamParserImplementations" time="5.122"/>
  <testcase name="innerReferenceOnly[2]" classname="org.jcvi.jillion.sam.TestBamParserImplementations" time="4.983"/>
  <testcase name="fromAll[2]" classname="org.jcvi.jillion.sam.TestBamParserImplementations" time="10.018"/>
  <testcase name="canAccept[2]" classname="org.jcvi.jillion.sam.TestBamParserImplementations" time="0"/>
  <testcase name="tryToParseUnknownReferenceShouldThrowIllegalArgException[2]" classname="org.jcvi.jillion.sam.TestBamParserImplementations" time="0.002"/>
  <testcase name="useMementoToStartFrom10000thRecord[2]" classname="org.jcvi.jillion.sam.TestBamParserImplementations" time="9.665"/>
  <testcase name="firstReferenceOnly[2]" classname="org.jcvi.jillion.sam.TestBamParserImplementations" time="5.038"/>
  <testcase name="firstReferenceOnlyBeginningOfAlignment[2]" classname="org.jcvi.jillion.sam.TestBamParserImplementations" time="5.113"/>
  <testcase name="nullVisitorShouldThrowNPE[2]" classname="org.jcvi.jillion.sam.TestBamParserImplementations" time="0"/>
</testsuite>